âœ… Loaded: /content/drive/MyDrive/gan-rl-runs/12000_iters/checkpoints_128_12000_iters/gan_step_002500.pt
â–¶ï¸ Resume: step 2501 -> 11999
step 2510 | loss_D 1.2668 | loss_G 0.7779 | D(real) +0.051 | D(fake) -0.241
step 2520 | loss_D 0.8847 | loss_G 1.1308 | D(real) +1.030 | D(fake) -0.321
step 2530 | loss_D 0.8540 | loss_G 1.2237 | D(real) +0.876 | D(fake) -0.459
step 2540 | loss_D 1.2627 | loss_G 1.0067 | D(real) -0.065 | D(fake) -0.349
step 2550 | loss_D 1.3379 | loss_G 0.7821 | D(real) +0.273 | D(fake) +0.090
step 2560 | loss_D 1.4662 | loss_G 0.8350 | D(real) -0.111 | D(fake) +0.026
step 2570 | loss_D 1.4360 | loss_G 0.9077 | D(real) -0.210 | D(fake) -0.173
step 2580 | loss_D 1.2204 | loss_G 1.0562 | D(real) +0.464 | D(fake) +0.014
step 2590 | loss_D 1.4519 | loss_G 0.9529 | D(real) -0.163 | D(fake) -0.081
step 2600 | loss_D 1.0611 | loss_G 0.9488 | D(real) +0.577 | D(fake) -0.197
step 2610 | loss_D 1.4531 | loss_G 0.8496 | D(real) -0.121 | D(fake) -0.003
step 2620 | loss_D 1.5839 | loss_G 0.8463 | D(real) -0.333 | D(fake) -0.019
step 2630 | loss_D 1.6198 | loss_G 1.1080 | D(real) +0.156 | D(fake) +0.431
step 2640 | loss_D 1.1308 | loss_G 1.0118 | D(real) +0.820 | D(fake) +0.108
step 2650 | loss_D 1.4528 | loss_G 1.1306 | D(real) -0.198 | D(fake) -0.123
step 2660 | loss_D 1.2787 | loss_G 0.9003 | D(real) -0.123 | D(fake) -0.406
step 2670 | loss_D 1.2577 | loss_G 0.7465 | D(real) +0.506 | D(fake) +0.126
step 2680 | loss_D 1.3906 | loss_G 0.8725 | D(real) +0.227 | D(fake) +0.153
step 2690 | loss_D 1.5941 | loss_G 1.2928 | D(real) -0.837 | D(fake) -0.774
step 2700 | loss_D 1.1631 | loss_G 0.8657 | D(real) +0.612 | D(fake) -0.115
step 2710 | loss_D 1.3758 | loss_G 0.9802 | D(real) -0.031 | D(fake) -0.058
step 2720 | loss_D 1.1337 | loss_G 0.9134 | D(real) +0.488 | D(fake) -0.159
step 2730 | loss_D 1.3521 | loss_G 0.8270 | D(real) -0.271 | D(fake) -0.483
step 2740 | loss_D 1.3623 | loss_G 0.8053 | D(real) -0.071 | D(fake) -0.156
step 2750 | loss_D 1.3172 | loss_G 0.8349 | D(real) +0.295 | D(fake) +0.049
step 2760 | loss_D 1.6362 | loss_G 0.9512 | D(real) -0.604 | D(fake) -0.228
step 2770 | loss_D 1.1942 | loss_G 0.7666 | D(real) +0.515 | D(fake) -0.013
step 2780 | loss_D 1.1767 | loss_G 1.1213 | D(real) -0.022 | D(fake) -0.526
step 2790 | loss_D 1.2040 | loss_G 1.1122 | D(real) +0.166 | D(fake) -0.243
step 2800 | loss_D 1.4379 | loss_G 1.1143 | D(real) +0.349 | D(fake) +0.242
step 2810 | loss_D 1.6051 | loss_G 0.7526 | D(real) -0.231 | D(fake) +0.146
step 2820 | loss_D 1.3954 | loss_G 0.8629 | D(real) -0.001 | D(fake) +0.007
step 2830 | loss_D 1.4433 | loss_G 0.8204 | D(real) -0.157 | D(fake) -0.065
step 2840 | loss_D 1.1698 | loss_G 0.8069 | D(real) +0.211 | D(fake) -0.347
step 2850 | loss_D 1.3727 | loss_G 0.8757 | D(real) -0.049 | D(fake) -0.093
step 2860 | loss_D 1.1564 | loss_G 0.9008 | D(real) +0.781 | D(fake) +0.030
step 2870 | loss_D 1.0242 | loss_G 1.2727 | D(real) +0.584 | D(fake) -0.887
step 2880 | loss_D 1.1892 | loss_G 1.1806 | D(real) +0.491 | D(fake) -0.005
step 2890 | loss_D 1.0725 | loss_G 0.9267 | D(real) +0.426 | D(fake) -0.274
step 2900 | loss_D 1.5126 | loss_G 0.8136 | D(real) -0.187 | D(fake) -0.028
step 2910 | loss_D 1.3098 | loss_G 0.6632 | D(real) +0.356 | D(fake) +0.110
step 2920 | loss_D 1.3616 | loss_G 0.7783 | D(real) -0.304 | D(fake) -0.459
step 2930 | loss_D 1.1724 | loss_G 0.8899 | D(real) +0.123 | D(fake) -0.494
step 2940 | loss_D 1.2696 | loss_G 0.9956 | D(real) +0.304 | D(fake) -0.121
step 2950 | loss_D 1.2504 | loss_G 0.9938 | D(real) +0.209 | D(fake) -0.263
step 2960 | loss_D 1.4728 | loss_G 0.9104 | D(real) -0.230 | D(fake) -0.153
step 2970 | loss_D 1.3901 | loss_G 0.8697 | D(real) +0.002 | D(fake) -0.068
step 2980 | loss_D 1.1760 | loss_G 0.9487 | D(real) +0.275 | D(fake) -0.251
step 2990 | loss_D 1.2730 | loss_G 1.1521 | D(real) +0.214 | D(fake) -0.295
step 3000 | loss_D 1.8537 | loss_G 0.6188 | D(real) -0.651 | D(fake) +0.079
ðŸ’¾ Saved: /content/drive/MyDrive/gan-rl-runs/12000_iters/checkpoints_64_12000_iters/checkpoints_64_12000_iters/gan_step_003000.pt
step 3010 | loss_D 1.1203 | loss_G 1.4056 | D(real) +0.603 | D(fake) -0.176
step 3020 | loss_D 1.0257 | loss_G 1.1654 | D(real) +0.221 | D(fake) -0.786
step 3030 | loss_D 0.9080 | loss_G 1.2105 | D(real) +1.089 | D(fake) -0.306
step 3040 | loss_D 1.4879 | loss_G 1.2435 | D(real) +0.153 | D(fake) +0.187
step 3050 | loss_D 1.7255 | loss_G 0.8115 | D(real) -0.059 | D(fake) +0.523
step 3060 | loss_D 1.3323 | loss_G 1.3100 | D(real) +0.332 | D(fake) -0.075
step 3070 | loss_D 1.2100 | loss_G 1.0014 | D(real) +0.294 | D(fake) -0.131
step 3080 | loss_D 1.3333 | loss_G 0.8779 | D(real) -0.104 | D(fake) -0.277
step 3090 | loss_D 1.2195 | loss_G 0.7966 | D(real) +0.590 | D(fake) +0.083
step 3100 | loss_D 1.5502 | loss_G 0.9552 | D(real) -0.362 | D(fake) -0.160
step 3110 | loss_D 1.6270 | loss_G 0.8592 | D(real) -0.505 | D(fake) -0.163
step 3120 | loss_D 1.0673 | loss_G 0.8207 | D(real) +0.792 | D(fake) -0.023
step 3130 | loss_D 1.3423 | loss_G 1.0565 | D(real) -0.183 | D(fake) -0.419
step 3140 | loss_D 1.0384 | loss_G 1.3437 | D(real) +0.445 | D(fake) -0.357
step 3150 | loss_D 1.3521 | loss_G 0.7964 | D(real) -0.161 | D(fake) -0.273
step 3160 | loss_D 1.3414 | loss_G 0.7786 | D(real) +0.207 | D(fake) +0.087
step 3170 | loss_D 1.1828 | loss_G 1.0793 | D(real) +0.590 | D(fake) +0.002
step 3180 | loss_D 1.2720 | loss_G 1.0231 | D(real) +0.329 | D(fake) +0.015
step 3190 | loss_D 1.0450 | loss_G 1.1513 | D(real) +0.874 | D(fake) -0.234
step 3200 | loss_D 1.0410 | loss_G 0.6985 | D(real) +0.642 | D(fake) -0.271
step 3210 | loss_D 1.6955 | loss_G 0.9953 | D(real) -0.958 | D(fake) -1.144
step 3220 | loss_D 1.2660 | loss_G 0.9454 | D(real) -0.042 | D(fake) -0.347
step 3230 | loss_D 1.0140 | loss_G 1.2469 | D(real) +0.382 | D(fake) -0.527
step 3240 | loss_D 0.8163 | loss_G 1.4215 | D(real) +1.227 | D(fake) -0.404
step 3250 | loss_D 1.3251 | loss_G 1.0631 | D(real) -0.036 | D(fake) -0.321
step 3260 | loss_D 1.8883 | loss_G 0.7839 | D(real) -0.873 | D(fake) -0.241
step 3270 | loss_D 1.2680 | loss_G 1.1338 | D(real) +0.208 | D(fake) -0.220
step 3280 | loss_D 1.4751 | loss_G 0.7205 | D(real) +0.440 | D(fake) +0.389
step 3290 | loss_D 1.1994 | loss_G 0.9351 | D(real) +0.132 | D(fake) -0.327
step 3300 | loss_D 0.9505 | loss_G 1.2113 | D(real) +0.552 | D(fake) -0.673
step 3310 | loss_D 1.0039 | loss_G 1.2613 | D(real) +0.562 | D(fake) -0.606
step 3320 | loss_D 1.0080 | loss_G 1.1872 | D(real) +0.812 | D(fake) -0.345
step 3330 | loss_D 1.1354 | loss_G 0.8068 | D(real) +0.613 | D(fake) -0.005
step 3340 | loss_D 1.6253 | loss_G 1.3091 | D(real) -0.957 | D(fake) -1.006
step 3350 | loss_D 1.4228 | loss_G 0.7831 | D(real) -0.025 | D(fake) -0.037
step 3360 | loss_D 1.4526 | loss_G 0.9832 | D(real) +0.256 | D(fake) -0.042
step 3370 | loss_D 1.3955 | loss_G 0.7407 | D(real) -0.133 | D(fake) -0.173
step 3380 | loss_D 1.4983 | loss_G 0.9516 | D(real) +0.373 | D(fake) +0.437
step 3390 | loss_D 1.4334 | loss_G 0.9407 | D(real) +0.003 | D(fake) +0.039
step 3400 | loss_D 1.3927 | loss_G 0.7156 | D(real) +0.046 | D(fake) +0.052
step 3410 | loss_D 1.2153 | loss_G 0.8404 | D(real) +0.260 | D(fake) -0.137
step 3420 | loss_D 1.1245 | loss_G 0.9412 | D(real) +0.484 | D(fake) -0.134
step 3430 | loss_D 1.1435 | loss_G 0.9926 | D(real) +0.287 | D(fake) -0.292
step 3440 | loss_D 1.1936 | loss_G 1.3135 | D(real) +0.296 | D(fake) -0.220
step 3450 | loss_D 1.5084 | loss_G 1.0557 | D(real) -0.416 | D(fake) -0.270
step 3460 | loss_D 1.1608 | loss_G 1.4069 | D(real) +0.153 | D(fake) -0.413
step 3470 | loss_D 1.4549 | loss_G 0.9911 | D(real) -0.504 | D(fake) -0.583
step 3480 | loss_D 1.4009 | loss_G 0.8766 | D(real) +0.064 | D(fake) -0.455
step 3490 | loss_D 1.2366 | loss_G 0.8814 | D(real) -0.068 | D(fake) -0.476
step 3500 | loss_D 1.2822 | loss_G 1.1017 | D(real) +0.470 | D(fake) -0.130
ðŸ’¾ Saved: /content/drive/MyDrive/gan-rl-runs/12000_iters/checkpoints_64_12000_iters/checkpoints_64_12000_iters/gan_step_003500.pt
step 3510 | loss_D 0.9890 | loss_G 0.7919 | D(real) +0.462 | D(fake) -0.576
step 3520 | loss_D 1.6266 | loss_G 1.0163 | D(real) +0.094 | D(fake) +0.453
step 3530 | loss_D 1.0642 | loss_G 0.8534 | D(real) +0.438 | D(fake) -0.335
step 3540 | loss_D 0.8632 | loss_G 1.5923 | D(real) +1.812 | D(fake) -0.103
step 3550 | loss_D 1.5676 | loss_G 0.7974 | D(real) -0.549 | D(fake) -0.653
step 3560 | loss_D 1.1932 | loss_G 0.6348 | D(real) +0.126 | D(fake) -0.317
step 3570 | loss_D 1.2559 | loss_G 1.0370 | D(real) +0.115 | D(fake) -0.195
step 3580 | loss_D 1.0638 | loss_G 0.8557 | D(real) +0.325 | D(fake) -0.409
step 3590 | loss_D 1.1582 | loss_G 0.9860 | D(real) +0.157 | D(fake) -0.646
step 3600 | loss_D 1.2120 | loss_G 0.8430 | D(real) +0.607 | D(fake) -0.334
step 3610 | loss_D 1.2473 | loss_G 0.9051 | D(real) +0.023 | D(fake) -0.333
step 3620 | loss_D 0.9556 | loss_G 1.1118 | D(real) +0.807 | D(fake) -0.382
step 3630 | loss_D 1.3202 | loss_G 1.1401 | D(real) +1.191 | D(fake) +0.302
step 3640 | loss_D 1.1685 | loss_G 1.0090 | D(real) +0.183 | D(fake) -0.367
step 3650 | loss_D 1.1939 | loss_G 0.9612 | D(real) +0.084 | D(fake) -0.477
step 3660 | loss_D 1.3467 | loss_G 0.7567 | D(real) +0.094 | D(fake) -0.159
step 3670 | loss_D 1.3330 | loss_G 0.6859 | D(real) +0.175 | D(fake) -0.028
step 3680 | loss_D 0.9820 | loss_G 0.7733 | D(real) +0.914 | D(fake) -0.172
step 3690 | loss_D 1.0556 | loss_G 1.0109 | D(real) +0.592 | D(fake) -0.268
step 3700 | loss_D 1.1519 | loss_G 1.0808 | D(real) +0.076 | D(fake) -0.525
step 3710 | loss_D 1.2454 | loss_G 0.9688 | D(real) +0.360 | D(fake) -0.152
step 3720 | loss_D 1.5768 | loss_G 1.0385 | D(real) -0.630 | D(fake) -0.452
step 3730 | loss_D 0.9790 | loss_G 1.4430 | D(real) +0.354 | D(fake) -0.742
step 3740 | loss_D 1.2850 | loss_G 0.9292 | D(real) +0.006 | D(fake) -0.267
step 3750 | loss_D 1.0622 | loss_G 0.8778 | D(real) +0.385 | D(fake) -0.426
step 3760 | loss_D 1.2054 | loss_G 1.1252 | D(real) -0.189 | D(fake) -0.751
step 3770 | loss_D 0.9563 | loss_G 1.4446 | D(real) +0.872 | D(fake) -0.310
step 3780 | loss_D 0.8279 | loss_G 1.1783 | D(real) +1.466 | D(fake) -0.220
step 3790 | loss_D 1.6436 | loss_G 0.8580 | D(real) -0.612 | D(fake) -0.220
step 3800 | loss_D 1.1960 | loss_G 0.6078 | D(real) +0.187 | D(fake) -0.290
step 3810 | loss_D 1.7445 | loss_G 1.0386 | D(real) -0.678 | D(fake) -0.162
step 3820 | loss_D 1.2056 | loss_G 0.9793 | D(real) +0.031 | D(fake) -0.417
step 3830 | loss_D 1.2062 | loss_G 0.9801 | D(real) +0.388 | D(fake) -0.021
step 3840 | loss_D 1.0339 | loss_G 1.1000 | D(real) +1.211 | D(fake) -0.149
step 3850 | loss_D 1.2090 | loss_G 1.0807 | D(real) +0.344 | D(fake) -0.077
step 3860 | loss_D 1.1606 | loss_G 1.1132 | D(real) +0.368 | D(fake) -0.198
step 3870 | loss_D 0.9875 | loss_G 0.9424 | D(real) +1.331 | D(fake) +0.027
step 3880 | loss_D 1.1681 | loss_G 1.1850 | D(real) -0.006 | D(fake) -0.657
step 3890 | loss_D 1.0166 | loss_G 1.4110 | D(real) +0.840 | D(fake) -0.168
step 3900 | loss_D 1.6486 | loss_G 1.3384 | D(real) +0.019 | D(fake) -0.728
step 3910 | loss_D 0.9903 | loss_G 1.2445 | D(real) +0.907 | D(fake) -0.278
step 3920 | loss_D 1.0204 | loss_G 0.7594 | D(real) +1.769 | D(fake) +0.261
step 3930 | loss_D 1.1420 | loss_G 1.1729 | D(real) +0.932 | D(fake) -0.133
step 3940 | loss_D 1.0380 | loss_G 1.0102 | D(real) +0.211 | D(fake) -0.728
step 3950 | loss_D 1.5773 | loss_G 0.8998 | D(real) -0.418 | D(fake) -0.142
step 3960 | loss_D 1.1387 | loss_G 0.9060 | D(real) +0.584 | D(fake) -0.148
step 3970 | loss_D 1.2126 | loss_G 0.9443 | D(real) -0.051 | D(fake) -0.486
step 3980 | loss_D 1.1652 | loss_G 0.9858 | D(real) +0.445 | D(fake) -0.121
step 3990 | loss_D 1.3591 | loss_G 0.8134 | D(real) +0.146 | D(fake) +0.067
step 4000 | loss_D 0.7979 | loss_G 1.1383 | D(real) +1.131 | D(fake) -0.566
ðŸ’¾ Saved: /content/drive/MyDrive/gan-rl-runs/12000_iters/checkpoints_64_12000_iters/checkpoints_64_12000_iters/gan_step_004000.pt
step 4010 | loss_D 1.1682 | loss_G 1.0333 | D(real) +0.560 | D(fake) -0.066
step 4020 | loss_D 0.9821 | loss_G 1.2838 | D(real) +0.183 | D(fake) -0.829
step 4030 | loss_D 1.0941 | loss_G 1.1289 | D(real) +1.184 | D(fake) +0.089
step 4040 | loss_D 1.9589 | loss_G 0.4363 | D(real) -1.354 | D(fake) -0.880
step 4050 | loss_D 1.1602 | loss_G 0.7056 | D(real) +0.141 | D(fake) -0.398
step 4060 | loss_D 1.5121 | loss_G 0.7676 | D(real) +0.192 | D(fake) +0.244
step 4070 | loss_D 1.3933 | loss_G 1.0477 | D(real) -0.296 | D(fake) -0.401
step 4080 | loss_D 1.4418 | loss_G 1.0391 | D(real) -0.268 | D(fake) -0.202
step 4090 | loss_D 1.0396 | loss_G 0.9774 | D(real) +0.403 | D(fake) -0.403
step 4100 | loss_D 0.7466 | loss_G 1.3716 | D(real) +1.992 | D(fake) -0.729
step 4110 | loss_D 1.4260 | loss_G 1.0540 | D(real) -0.195 | D(fake) -0.159
step 4120 | loss_D 1.1294 | loss_G 1.0978 | D(real) +0.286 | D(fake) -0.528
step 4130 | loss_D 1.2297 | loss_G 0.8677 | D(real) +0.354 | D(fake) -0.013
step 4140 | loss_D 1.3045 | loss_G 0.9730 | D(real) -0.388 | D(fake) -0.802
step 4150 | loss_D 1.3621 | loss_G 0.9854 | D(real) +0.399 | D(fake) +0.136
step 4160 | loss_D 0.6467 | loss_G 1.3333 | D(real) +1.173 | D(fake) -0.896
step 4170 | loss_D 1.2638 | loss_G 0.8588 | D(real) +0.821 | D(fake) +0.192
step 4180 | loss_D 1.4213 | loss_G 1.4518 | D(real) -0.486 | D(fake) -0.745
step 4190 | loss_D 0.6811 | loss_G 1.8914 | D(real) +0.947 | D(fake) -1.131
step 4200 | loss_D 1.2519 | loss_G 1.0895 | D(real) -0.077 | D(fake) -0.454
step 4210 | loss_D 1.1345 | loss_G 1.0436 | D(real) +0.618 | D(fake) -0.073
step 4220 | loss_D 0.9316 | loss_G 0.9467 | D(real) +1.847 | D(fake) +0.064
step 4230 | loss_D 1.4651 | loss_G 0.7988 | D(real) -0.176 | D(fake) -0.149
step 4240 | loss_D 1.2568 | loss_G 0.8377 | D(real) +0.068 | D(fake) -0.208
step 4250 | loss_D 0.9825 | loss_G 1.1339 | D(real) +0.371 | D(fake) -0.620
step 4260 | loss_D 1.3749 | loss_G 0.9496 | D(real) -0.071 | D(fake) -0.184
step 4270 | loss_D 1.1978 | loss_G 0.9196 | D(real) +0.799 | D(fake) +0.033
step 4280 | loss_D 1.2781 | loss_G 0.9311 | D(real) +0.173 | D(fake) -0.238
step 4290 | loss_D 0.9983 | loss_G 1.1649 | D(real) +0.581 | D(fake) -0.379
step 4300 | loss_D 1.0807 | loss_G 1.1347 | D(real) +1.100 | D(fake) -0.387
step 4310 | loss_D 1.4834 | loss_G 0.9934 | D(real) +0.191 | D(fake) +0.193
step 4320 | loss_D 1.1505 | loss_G 1.0300 | D(real) +0.342 | D(fake) -0.321
step 4330 | loss_D 0.9285 | loss_G 0.7805 | D(real) +0.699 | D(fake) -0.417
step 4340 | loss_D 0.9797 | loss_G 1.0824 | D(real) +0.627 | D(fake) -0.341
step 4350 | loss_D 1.3472 | loss_G 0.9038 | D(real) +1.289 | D(fake) +0.601
step 4360 | loss_D 0.7070 | loss_G 1.3954 | D(real) +1.273 | D(fake) -0.649
step 4370 | loss_D 1.6468 | loss_G 0.8839 | D(real) -0.520 | D(fake) -0.095
step 4380 | loss_D 1.0117 | loss_G 1.0845 | D(real) +0.505 | D(fake) -0.563
step 4390 | loss_D 1.5458 | loss_G 0.6869 | D(real) -0.254 | D(fake) +0.014
step 4400 | loss_D 0.8320 | loss_G 1.2642 | D(real) +0.968 | D(fake) -0.607
step 4410 | loss_D 1.4667 | loss_G 0.7730 | D(real) +0.101 | D(fake) +0.135
step 4420 | loss_D 1.2086 | loss_G 0.9113 | D(real) +0.242 | D(fake) -0.458
step 4430 | loss_D 0.9975 | loss_G 1.1003 | D(real) +0.742 | D(fake) -0.259
step 4440 | loss_D 1.0899 | loss_G 0.8172 | D(real) +0.289 | D(fake) -0.481
step 4450 | loss_D 1.0652 | loss_G 0.9624 | D(real) +0.222 | D(fake) -0.551
step 4460 | loss_D 0.8594 | loss_G 1.1427 | D(real) +1.604 | D(fake) -0.260
step 4470 | loss_D 1.4424 | loss_G 0.6879 | D(real) +1.380 | D(fake) +0.574
step 4480 | loss_D 0.8995 | loss_G 1.5099 | D(real) +0.328 | D(fake) -1.058
step 4490 | loss_D 1.0419 | loss_G 1.1319 | D(real) +0.646 | D(fake) -0.318
step 4500 | loss_D 1.1798 | loss_G 1.2388 | D(real) +0.918 | D(fake) +0.033
ðŸ’¾ Saved: /content/drive/MyDrive/gan-rl-runs/12000_iters/checkpoints_64_12000_iters/checkpoints_64_12000_iters/gan_step_004500.pt
step 4510 | loss_D 0.9379 | loss_G 1.1311 | D(real) +0.500 | D(fake) -0.581
step 4520 | loss_D 1.5631 | loss_G 0.6203 | D(real) +0.321 | D(fake) +0.478
step 4530 | loss_D 1.0535 | loss_G 1.0802 | D(real) +0.698 | D(fake) -0.187
step 4540 | loss_D 1.1581 | loss_G 0.7308 | D(real) +0.294 | D(fake) -0.228
step 4550 | loss_D 0.7293 | loss_G 1.0594 | D(real) +0.930 | D(fake) -0.766
step 4560 | loss_D 1.1038 | loss_G 1.1133 | D(real) +0.683 | D(fake) -0.209
step 4570 | loss_D 0.9449 | loss_G 1.1918 | D(real) +0.807 | D(fake) -0.583
step 4580 | loss_D 1.2627 | loss_G 1.1802 | D(real) +0.813 | D(fake) +0.058
step 4590 | loss_D 0.9095 | loss_G 1.0938 | D(real) +0.702 | D(fake) -0.517
step 4600 | loss_D 1.2078 | loss_G 1.0188 | D(real) +0.020 | D(fake) -0.450
step 4610 | loss_D 1.1744 | loss_G 0.8463 | D(real) +0.672 | D(fake) -0.010
step 4620 | loss_D 0.7524 | loss_G 1.5813 | D(real) +1.894 | D(fake) -0.279
step 4630 | loss_D 1.3386 | loss_G 1.1379 | D(real) +0.424 | D(fake) +0.146
step 4640 | loss_D 0.8828 | loss_G 1.2519 | D(real) +0.935 | D(fake) -0.523
step 4650 | loss_D 1.4865 | loss_G 0.7278 | D(real) -0.448 | D(fake) -0.581
step 4660 | loss_D 0.9556 | loss_G 1.3458 | D(real) +0.084 | D(fake) -1.280
step 4670 | loss_D 1.2689 | loss_G 0.9231 | D(real) +0.477 | D(fake) +0.026
step 4680 | loss_D 1.4234 | loss_G 1.0852 | D(real) -0.275 | D(fake) -0.338
step 4690 | loss_D 1.3851 | loss_G 1.0856 | D(real) -0.180 | D(fake) -0.270
step 4700 | loss_D 0.9687 | loss_G 1.0062 | D(real) +0.822 | D(fake) -0.377
step 4710 | loss_D 1.1448 | loss_G 1.1144 | D(real) -0.039 | D(fake) -0.755
step 4720 | loss_D 1.4922 | loss_G 0.7755 | D(real) -0.283 | D(fake) -0.227
step 4730 | loss_D 0.9005 | loss_G 0.7182 | D(real) +1.544 | D(fake) -0.237
step 4740 | loss_D 1.4304 | loss_G 1.1612 | D(real) -0.039 | D(fake) -0.295
step 4750 | loss_D 1.4213 | loss_G 1.0454 | D(real) -0.357 | D(fake) -0.423
step 4760 | loss_D 1.1005 | loss_G 0.9615 | D(real) +0.976 | D(fake) -0.084
step 4770 | loss_D 0.9998 | loss_G 1.2447 | D(real) +0.658 | D(fake) -0.609
step 4780 | loss_D 1.0686 | loss_G 1.1137 | D(real) +0.740 | D(fake) -0.300
step 4790 | loss_D 0.8744 | loss_G 1.2551 | D(real) +2.078 | D(fake) -0.700
step 4800 | loss_D 0.9541 | loss_G 1.3426 | D(real) +0.339 | D(fake) -0.738
step 4810 | loss_D 1.5721 | loss_G 1.0287 | D(real) -0.271 | D(fake) -0.439
step 4820 | loss_D 1.6050 | loss_G 1.0294 | D(real) -1.062 | D(fake) -1.289
step 4830 | loss_D 1.0819 | loss_G 1.3819 | D(real) +0.665 | D(fake) -0.086
step 4840 | loss_D 1.1533 | loss_G 1.1607 | D(real) +0.203 | D(fake) -0.479
step 4850 | loss_D 1.2619 | loss_G 0.8142 | D(real) +0.243 | D(fake) -0.158
step 4860 | loss_D 1.5999 | loss_G 0.8459 | D(real) -0.649 | D(fake) -0.409
step 4870 | loss_D 1.2541 | loss_G 0.9739 | D(real) +0.526 | D(fake) +0.082
step 4880 | loss_D 0.8119 | loss_G 1.1590 | D(real) +0.795 | D(fake) -0.694
step 4890 | loss_D 0.6587 | loss_G 1.3654 | D(real) +1.466 | D(fake) -0.857
step 4900 | loss_D 0.7718 | loss_G 2.5332 | D(real) +2.215 | D(fake) -0.126
step 4910 | loss_D 0.6914 | loss_G 1.4834 | D(real) +0.642 | D(fake) -1.266
step 4920 | loss_D 1.3059 | loss_G 0.9800 | D(real) -0.019 | D(fake) -0.401
step 4930 | loss_D 0.9012 | loss_G 1.1308 | D(real) +0.563 | D(fake) -0.796
step 4940 | loss_D 1.1220 | loss_G 1.0617 | D(real) +1.119 | D(fake) -0.145
step 4950 | loss_D 0.7570 | loss_G 1.2541 | D(real) +0.799 | D(fake) -0.764
step 4960 | loss_D 0.8587 | loss_G 1.4192 | D(real) +2.033 | D(fake) -0.093
step 4970 | loss_D 0.7973 | loss_G 1.6236 | D(real) +1.342 | D(fake) -0.489
step 4980 | loss_D 1.1006 | loss_G 1.0538 | D(real) +0.867 | D(fake) -0.227
step 4990 | loss_D 1.2870 | loss_G 1.2238 | D(real) +0.019 | D(fake) -0.371
step 5000 | loss_D 1.5506 | loss_G 1.2357 | D(real) -0.405 | D(fake) -0.345
ðŸ’¾ Saved: /content/drive/MyDrive/gan-rl-runs/12000_iters/checkpoints_64_12000_iters/checkpoints_64_12000_iters/gan_step_005000.pt
step 5010 | loss_D 1.1917 | loss_G 0.7663 | D(real) +0.593 | D(fake) -0.049
step 5020 | loss_D 1.3353 | loss_G 1.0191 | D(real) -0.091 | D(fake) -0.377
step 5030 | loss_D 0.8163 | loss_G 1.2001 | D(real) +0.942 | D(fake) -0.701
step 5040 | loss_D 1.5432 | loss_G 0.7772 | D(real) -0.480 | D(fake) -0.348
step 5050 | loss_D 0.9549 | loss_G 1.2353 | D(real) +0.439 | D(fake) -0.653
step 5060 | loss_D 1.6301 | loss_G 0.8862 | D(real) -0.397 | D(fake) -0.147
step 5070 | loss_D 0.8744 | loss_G 1.2586 | D(real) +1.762 | D(fake) -0.839
step 5080 | loss_D 1.0407 | loss_G 0.9603 | D(real) +1.172 | D(fake) +0.051
step 5090 | loss_D 0.8955 | loss_G 1.1901 | D(real) +0.980 | D(fake) -0.273
step 5100 | loss_D 0.9516 | loss_G 0.9941 | D(real) +0.453 | D(fake) -1.114
step 5110 | loss_D 1.1243 | loss_G 1.0482 | D(real) +0.202 | D(fake) -0.494
step 5120 | loss_D 1.4127 | loss_G 0.7348 | D(real) -0.072 | D(fake) -0.251
step 5130 | loss_D 0.8542 | loss_G 1.1509 | D(real) +1.030 | D(fake) -0.537
step 5140 | loss_D 0.9498 | loss_G 1.0971 | D(real) +1.106 | D(fake) -0.131
step 5150 | loss_D 1.3857 | loss_G 1.3507 | D(real) +0.059 | D(fake) -0.038
step 5160 | loss_D 1.8696 | loss_G 0.7836 | D(real) -0.770 | D(fake) -0.147
step 5170 | loss_D 1.6925 | loss_G 1.0356 | D(real) -0.725 | D(fake) -0.468
step 5180 | loss_D 0.8795 | loss_G 1.3182 | D(real) +1.073 | D(fake) -0.365
step 5190 | loss_D 0.7702 | loss_G 1.2489 | D(real) +1.672 | D(fake) -0.214
step 5200 | loss_D 0.7672 | loss_G 1.2559 | D(real) +1.272 | D(fake) -0.486
step 5210 | loss_D 1.3740 | loss_G 0.9185 | D(real) +0.230 | D(fake) -0.222
step 5220 | loss_D 0.9374 | loss_G 1.1264 | D(real) +1.067 | D(fake) -0.196
step 5230 | loss_D 0.9697 | loss_G 1.0174 | D(real) +0.743 | D(fake) -0.347
step 5240 | loss_D 0.9985 | loss_G 1.3188 | D(real) +0.896 | D(fake) -0.548
step 5250 | loss_D 0.9689 | loss_G 1.3023 | D(real) +1.328 | D(fake) -0.273
step 5260 | loss_D 0.5916 | loss_G 1.4606 | D(real) +1.703 | D(fake) -0.775
step 5270 | loss_D 1.4465 | loss_G 1.4141 | D(real) -0.446 | D(fake) -0.709
step 5280 | loss_D 1.1502 | loss_G 1.9302 | D(real) +0.287 | D(fake) -0.590
step 5290 | loss_D 1.1486 | loss_G 1.1770 | D(real) +1.050 | D(fake) +0.171
step 5300 | loss_D 1.0827 | loss_G 1.0041 | D(real) +0.280 | D(fake) -0.446
step 5310 | loss_D 1.0561 | loss_G 1.0369 | D(real) +0.649 | D(fake) -0.142
step 5320 | loss_D 1.4131 | loss_G 1.0526 | D(real) -0.163 | D(fake) -0.132
step 5330 | loss_D 1.1437 | loss_G 1.0182 | D(real) +0.252 | D(fake) -0.289
step 5340 | loss_D 1.1432 | loss_G 1.0293 | D(real) +0.313 | D(fake) -0.344
step 5350 | loss_D 1.1982 | loss_G 1.1200 | D(real) +0.211 | D(fake) -0.335
step 5360 | loss_D 1.0409 | loss_G 1.0419 | D(real) +0.662 | D(fake) -0.489
step 5370 | loss_D 0.8675 | loss_G 1.2652 | D(real) +1.192 | D(fake) -0.560
step 5380 | loss_D 1.2987 | loss_G 1.4257 | D(real) +0.520 | D(fake) -0.844
step 5390 | loss_D 0.8661 | loss_G 1.5329 | D(real) +0.599 | D(fake) -0.672
step 5400 | loss_D 0.9201 | loss_G 1.0955 | D(real) +1.420 | D(fake) -0.100
step 5410 | loss_D 0.8896 | loss_G 1.1284 | D(real) +1.127 | D(fake) -0.673
step 5420 | loss_D 1.2743 | loss_G 1.1663 | D(real) +0.150 | D(fake) -0.268
step 5430 | loss_D 0.8383 | loss_G 1.3913 | D(real) +0.998 | D(fake) -0.442
step 5440 | loss_D 1.1674 | loss_G 1.0104 | D(real) +0.241 | D(fake) -0.437
step 5450 | loss_D 1.1158 | loss_G 0.8694 | D(real) +0.495 | D(fake) -0.203
step 5460 | loss_D 0.9066 | loss_G 1.5510 | D(real) +0.503 | D(fake) -0.944
step 5470 | loss_D 0.9340 | loss_G 1.7911 | D(real) +0.841 | D(fake) -0.711
step 5480 | loss_D 1.0413 | loss_G 1.2745 | D(real) +0.902 | D(fake) -0.359
step 5490 | loss_D 1.1865 | loss_G 0.7279 | D(real) +0.542 | D(fake) +0.018
step 5500 | loss_D 0.9646 | loss_G 0.9367 | D(real) +0.529 | D(fake) -0.513
ðŸ’¾ Saved: /content/drive/MyDrive/gan-rl-runs/12000_iters/checkpoints_64_12000_iters/checkpoints_64_12000_iters/gan_step_005500.pt
step 5510 | loss_D 0.9594 | loss_G 1.0885 | D(real) +1.247 | D(fake) -0.418
step 5520 | loss_D 0.9953 | loss_G 1.1067 | D(real) +0.674 | D(fake) -0.434
step 5530 | loss_D 1.3217 | loss_G 0.7787 | D(real) +0.364 | D(fake) +0.078
step 5540 | loss_D 1.3190 | loss_G 1.0458 | D(real) +0.523 | D(fake) -0.036
step 5550 | loss_D 0.9028 | loss_G 1.0991 | D(real) +0.616 | D(fake) -0.560
step 5560 | loss_D 0.8572 | loss_G 1.1599 | D(real) +0.729 | D(fake) -0.680
step 5570 | loss_D 1.6414 | loss_G 1.1072 | D(real) -0.867 | D(fake) -0.777
step 5580 | loss_D 0.9325 | loss_G 1.4995 | D(real) +0.547 | D(fake) -0.589
step 5590 | loss_D 1.0900 | loss_G 1.0666 | D(real) +0.190 | D(fake) -0.528
step 5600 | loss_D 1.2220 | loss_G 1.2308 | D(real) +0.043 | D(fake) -0.542
step 5610 | loss_D 0.8787 | loss_G 1.2043 | D(real) +0.756 | D(fake) -0.709
step 5620 | loss_D 1.6199 | loss_G 0.8580 | D(real) -0.204 | D(fake) -0.336
step 5630 | loss_D 1.3020 | loss_G 0.9150 | D(real) +0.296 | D(fake) -0.244
step 5640 | loss_D 0.7388 | loss_G 1.4615 | D(real) +2.518 | D(fake) -0.270
step 5650 | loss_D 1.2584 | loss_G 1.4765 | D(real) +0.897 | D(fake) -0.310
step 5660 | loss_D 0.9946 | loss_G 1.1940 | D(real) +0.814 | D(fake) -0.380
step 5670 | loss_D 0.7731 | loss_G 1.4474 | D(real) +1.082 | D(fake) -0.730
step 5680 | loss_D 1.0603 | loss_G 1.4539 | D(real) +0.249 | D(fake) -0.841
step 5690 | loss_D 1.0139 | loss_G 0.8166 | D(real) +0.610 | D(fake) -0.377
step 5700 | loss_D 0.9720 | loss_G 0.9349 | D(real) +2.320 | D(fake) +0.116
step 5710 | loss_D 1.0146 | loss_G 1.1139 | D(real) +0.180 | D(fake) -0.937
step 5720 | loss_D 1.6068 | loss_G 0.9114 | D(real) -0.426 | D(fake) -0.223
step 5730 | loss_D 0.7503 | loss_G 1.1097 | D(real) +1.450 | D(fake) -0.558
step 5740 | loss_D 0.8371 | loss_G 1.7277 | D(real) +1.213 | D(fake) -0.284
step 5750 | loss_D 1.1937 | loss_G 1.3907 | D(real) -0.288 | D(fake) -1.200
step 5760 | loss_D 1.9247 | loss_G 1.0194 | D(real) -0.650 | D(fake) -0.007
step 5770 | loss_D 1.0943 | loss_G 0.9367 | D(real) +0.470 | D(fake) -0.202
step 5780 | loss_D 1.1691 | loss_G 1.3896 | D(real) +0.862 | D(fake) -0.240
step 5790 | loss_D 0.7971 | loss_G 1.4394 | D(real) +1.443 | D(fake) -0.875
step 5800 | loss_D 1.2367 | loss_G 0.9308 | D(real) +0.787 | D(fake) +0.189
step 5810 | loss_D 0.8731 | loss_G 1.1709 | D(real) +0.478 | D(fake) -0.840
step 5820 | loss_D 1.0377 | loss_G 1.2097 | D(real) +0.667 | D(fake) -0.238
step 5830 | loss_D 0.7627 | loss_G 1.8017 | D(real) +0.974 | D(fake) -1.004
step 5840 | loss_D 1.1135 | loss_G 0.7828 | D(real) +0.439 | D(fake) -0.491
step 5850 | loss_D 1.2787 | loss_G 1.4981 | D(real) +0.456 | D(fake) -0.007
step 5860 | loss_D 1.0627 | loss_G 1.0706 | D(real) +0.825 | D(fake) -0.306
step 5870 | loss_D 1.2182 | loss_G 0.8720 | D(real) -0.137 | D(fake) -0.616
step 5880 | loss_D 0.6731 | loss_G 1.2194 | D(real) +1.552 | D(fake) -0.786
step 5890 | loss_D 1.1076 | loss_G 1.0750 | D(real) +1.018 | D(fake) +0.111
step 5900 | loss_D 1.2152 | loss_G 1.3100 | D(real) -0.120 | D(fake) -0.702
step 5910 | loss_D 1.0909 | loss_G 1.4093 | D(real) +0.475 | D(fake) -0.540
step 5920 | loss_D 0.7422 | loss_G 1.2783 | D(real) +1.185 | D(fake) -0.583
step 5930 | loss_D 0.5654 | loss_G 1.4476 | D(real) +2.168 | D(fake) -0.793
step 5940 | loss_D 1.2935 | loss_G 1.1969 | D(real) -0.287 | D(fake) -0.777
step 5950 | loss_D 0.8250 | loss_G 1.3011 | D(real) +0.767 | D(fake) -0.778
step 5960 | loss_D 1.0147 | loss_G 1.5246 | D(real) +0.941 | D(fake) -0.727
step 5970 | loss_D 0.6969 | loss_G 1.7238 | D(real) +0.762 | D(fake) -1.091
step 5980 | loss_D 1.6048 | loss_G 1.1499 | D(real) -0.012 | D(fake) +0.217
step 5990 | loss_D 0.7274 | loss_G 1.5012 | D(real) +1.268 | D(fake) -0.586
step 6000 | loss_D 1.1435 | loss_G 1.2818 | D(real) +0.108 | D(fake) -0.608
ðŸ’¾ Saved: /content/drive/MyDrive/gan-rl-runs/12000_iters/checkpoints_64_12000_iters/checkpoints_64_12000_iters/gan_step_006000.pt
step 6010 | loss_D 0.6904 | loss_G 1.3141 | D(real) +1.113 | D(fake) -0.999
step 6020 | loss_D 1.0756 | loss_G 1.0332 | D(real) +0.235 | D(fake) -0.554
step 6030 | loss_D 0.9623 | loss_G 1.5587 | D(real) +1.647 | D(fake) +0.120
step 6040 | loss_D 0.5797 | loss_G 1.6581 | D(real) +1.799 | D(fake) -0.678
step 6050 | loss_D 0.8449 | loss_G 1.2338 | D(real) +1.209 | D(fake) -0.363
step 6060 | loss_D 1.5046 | loss_G 1.5850 | D(real) +0.413 | D(fake) +0.323
step 6070 | loss_D 0.9732 | loss_G 1.5206 | D(real) +0.589 | D(fake) -0.642
step 6080 | loss_D 1.0877 | loss_G 0.8881 | D(real) +1.374 | D(fake) -0.133
step 6090 | loss_D 1.1598 | loss_G 1.3519 | D(real) +0.472 | D(fake) -0.467
step 6100 | loss_D 0.9646 | loss_G 1.4810 | D(real) +0.480 | D(fake) -0.532
step 6110 | loss_D 0.9324 | loss_G 0.8729 | D(real) +0.214 | D(fake) -0.996
step 6120 | loss_D 1.7873 | loss_G 0.6635 | D(real) -0.234 | D(fake) +0.247
step 6130 | loss_D 0.9614 | loss_G 1.0951 | D(real) +1.743 | D(fake) -0.188
step 6140 | loss_D 1.1952 | loss_G 1.0349 | D(real) +0.614 | D(fake) -0.209
step 6150 | loss_D 1.3720 | loss_G 1.0597 | D(real) -0.220 | D(fake) -0.430
step 6160 | loss_D 0.8337 | loss_G 1.0750 | D(real) +1.527 | D(fake) -0.233
step 6170 | loss_D 0.9832 | loss_G 1.0621 | D(real) +0.576 | D(fake) -0.649
step 6180 | loss_D 0.9621 | loss_G 1.7730 | D(real) +0.935 | D(fake) -0.410
step 6190 | loss_D 1.4139 | loss_G 1.5737 | D(real) +0.400 | D(fake) +0.053
step 6200 | loss_D 1.2107 | loss_G 1.1065 | D(real) +0.760 | D(fake) -0.364
step 6210 | loss_D 0.7611 | loss_G 1.4910 | D(real) +0.755 | D(fake) -0.837
step 6220 | loss_D 1.2307 | loss_G 1.2998 | D(real) +0.009 | D(fake) -0.704
step 6230 | loss_D 1.1103 | loss_G 1.1945 | D(real) +0.252 | D(fake) -0.674
step 6240 | loss_D 1.1370 | loss_G 0.8628 | D(real) +0.352 | D(fake) -0.381
step 6250 | loss_D 0.8542 | loss_G 1.2854 | D(real) +0.777 | D(fake) -0.620
step 6260 | loss_D 0.5665 | loss_G 1.4439 | D(real) +1.460 | D(fake) -0.871
step 6270 | loss_D 0.6646 | loss_G 1.6606 | D(real) +1.795 | D(fake) -0.581
step 6280 | loss_D 1.0768 | loss_G 1.2263 | D(real) +0.301 | D(fake) -0.406
step 6290 | loss_D 1.3661 | loss_G 0.9033 | D(real) +0.053 | D(fake) -0.231
step 6300 | loss_D 0.8769 | loss_G 1.8805 | D(real) +0.916 | D(fake) -0.510
step 6310 | loss_D 0.7023 | loss_G 1.7083 | D(real) +2.156 | D(fake) -0.637
step 6320 | loss_D 1.7107 | loss_G 0.9768 | D(real) -0.135 | D(fake) +0.212
step 6330 | loss_D 1.0300 | loss_G 1.0543 | D(real) +0.496 | D(fake) -0.634
step 6340 | loss_D 1.1501 | loss_G 1.1444 | D(real) +1.114 | D(fake) +0.098
step 6350 | loss_D 1.0949 | loss_G 0.9009 | D(real) +0.036 | D(fake) -0.897
step 6360 | loss_D 1.2095 | loss_G 1.6417 | D(real) +0.138 | D(fake) -0.954
step 6370 | loss_D 0.8352 | loss_G 1.2767 | D(real) +0.633 | D(fake) -0.752
step 6380 | loss_D 0.7923 | loss_G 1.2973 | D(real) +0.904 | D(fake) -0.856
step 6390 | loss_D 0.9769 | loss_G 1.2742 | D(real) +0.717 | D(fake) -0.425
step 6400 | loss_D 0.9151 | loss_G 1.1330 | D(real) +0.810 | D(fake) -0.509
step 6410 | loss_D 0.8612 | loss_G 1.1500 | D(real) +0.920 | D(fake) -0.472
step 6420 | loss_D 0.9854 | loss_G 0.9561 | D(real) +0.583 | D(fake) -0.458
step 6430 | loss_D 0.9035 | loss_G 1.3221 | D(real) +1.127 | D(fake) -0.880
step 6440 | loss_D 0.7221 | loss_G 1.1825 | D(real) +2.188 | D(fake) -0.364
step 6450 | loss_D 0.8505 | loss_G 1.2384 | D(real) +0.781 | D(fake) -0.586
step 6460 | loss_D 1.0348 | loss_G 1.5651 | D(real) +0.096 | D(fake) -0.837
step 6470 | loss_D 1.4962 | loss_G 2.1168 | D(real) -0.350 | D(fake) -0.726
step 6480 | loss_D 1.4552 | loss_G 1.1021 | D(real) +0.768 | D(fake) +0.486
step 6490 | loss_D 1.1972 | loss_G 1.1412 | D(real) +0.821 | D(fake) +0.083
step 6500 | loss_D 1.2358 | loss_G 1.2838 | D(real) +1.585 | D(fake) +0.390
ðŸ’¾ Saved: /content/drive/MyDrive/gan-rl-runs/12000_iters/checkpoints_64_12000_iters/checkpoints_64_12000_iters/gan_step_006500.pt
step 6510 | loss_D 0.7102 | loss_G 1.5500 | D(real) +1.242 | D(fake) -0.771
step 6520 | loss_D 1.0023 | loss_G 1.1406 | D(real) +0.700 | D(fake) -0.249
step 6530 | loss_D 0.8870 | loss_G 0.9333 | D(real) +1.178 | D(fake) -0.321
step 6540 | loss_D 0.7596 | loss_G 1.4801 | D(real) +1.114 | D(fake) -0.577
step 6550 | loss_D 1.1347 | loss_G 1.0433 | D(real) -0.105 | D(fake) -1.034
step 6560 | loss_D 1.0308 | loss_G 1.4718 | D(real) +0.601 | D(fake) -0.431
step 6570 | loss_D 1.0660 | loss_G 1.1959 | D(real) +0.569 | D(fake) -0.326
step 6580 | loss_D 1.3007 | loss_G 1.4959 | D(real) +0.650 | D(fake) -0.091
step 6590 | loss_D 0.5359 | loss_G 1.6029 | D(real) +1.771 | D(fake) -1.223
step 6600 | loss_D 1.1885 | loss_G 1.0671 | D(real) -0.012 | D(fake) -0.714
step 6610 | loss_D 1.3507 | loss_G 1.1995 | D(real) -0.169 | D(fake) -0.461
step 6620 | loss_D 1.0528 | loss_G 1.7255 | D(real) +1.192 | D(fake) -0.432
step 6630 | loss_D 1.9840 | loss_G 1.3714 | D(real) -0.154 | D(fake) +0.187
step 6640 | loss_D 0.7561 | loss_G 1.4885 | D(real) +1.397 | D(fake) -0.531
step 6650 | loss_D 0.8871 | loss_G 1.2265 | D(real) +2.861 | D(fake) -0.230
step 6660 | loss_D 1.3694 | loss_G 1.1608 | D(real) +0.583 | D(fake) +0.371
step 6670 | loss_D 0.8791 | loss_G 0.7764 | D(real) +0.842 | D(fake) -0.404
step 6680 | loss_D 0.9643 | loss_G 1.0555 | D(real) +0.623 | D(fake) -0.537
step 6690 | loss_D 0.8526 | loss_G 1.0036 | D(real) +1.902 | D(fake) -0.138
step 6700 | loss_D 1.0991 | loss_G 1.4742 | D(real) +0.392 | D(fake) -0.673
step 6710 | loss_D 1.1440 | loss_G 0.8304 | D(real) +0.390 | D(fake) -0.416
step 6720 | loss_D 1.1491 | loss_G 1.7206 | D(real) +0.816 | D(fake) -0.253
step 6730 | loss_D 1.0271 | loss_G 1.5132 | D(real) +0.659 | D(fake) -0.624
step 6740 | loss_D 0.7772 | loss_G 1.3753 | D(real) +1.216 | D(fake) -0.594
step 6750 | loss_D 0.9023 | loss_G 1.6803 | D(real) +0.975 | D(fake) -0.335
step 6760 | loss_D 0.9042 | loss_G 1.2217 | D(real) +1.278 | D(fake) -0.176
step 6770 | loss_D 0.6698 | loss_G 1.5020 | D(real) +1.815 | D(fake) -1.077
step 6780 | loss_D 0.6842 | loss_G 1.5076 | D(real) +1.145 | D(fake) -0.750
step 6790 | loss_D 1.1315 | loss_G 1.0483 | D(real) +0.880 | D(fake) -0.348
step 6800 | loss_D 0.9660 | loss_G 1.5855 | D(real) +0.508 | D(fake) -1.309
step 6810 | loss_D 1.3607 | loss_G 1.4860 | D(real) +0.814 | D(fake) -0.090
step 6820 | loss_D 0.8574 | loss_G 1.3189 | D(real) +0.668 | D(fake) -0.795
step 6830 | loss_D 1.4798 | loss_G 0.9958 | D(real) -0.102 | D(fake) -0.442
step 6840 | loss_D 1.3409 | loss_G 1.1079 | D(real) +0.562 | D(fake) +0.180
step 6850 | loss_D 1.2002 | loss_G 1.1915 | D(real) +0.456 | D(fake) -0.416
step 6860 | loss_D 1.1388 | loss_G 0.8551 | D(real) +1.721 | D(fake) +0.299
step 6870 | loss_D 0.9010 | loss_G 0.9688 | D(real) +0.560 | D(fake) -1.014
step 6880 | loss_D 1.8727 | loss_G 1.0849 | D(real) +0.079 | D(fake) +0.646
step 6890 | loss_D 0.9747 | loss_G 1.0232 | D(real) +1.258 | D(fake) -0.522
step 6900 | loss_D 1.2098 | loss_G 1.3839 | D(real) +0.247 | D(fake) -0.267
step 6910 | loss_D 1.0941 | loss_G 1.2839 | D(real) +0.697 | D(fake) -0.333
step 6920 | loss_D 0.7496 | loss_G 1.4824 | D(real) +1.280 | D(fake) -0.554
step 6930 | loss_D 0.5507 | loss_G 1.2120 | D(real) +2.699 | D(fake) -0.675
step 6940 | loss_D 1.0043 | loss_G 1.3288 | D(real) +1.380 | D(fake) -0.625
step 6950 | loss_D 1.2897 | loss_G 1.3357 | D(real) -0.074 | D(fake) -0.690
step 6960 | loss_D 0.7093 | loss_G 1.9604 | D(real) +1.506 | D(fake) -0.565
step 6970 | loss_D 1.5464 | loss_G 1.0102 | D(real) +0.026 | D(fake) -0.225
step 6980 | loss_D 1.2991 | loss_G 0.9471 | D(real) +0.675 | D(fake) -0.152
step 6990 | loss_D 1.2314 | loss_G 0.9771 | D(real) -0.128 | D(fake) -0.652
step 7000 | loss_D 0.8904 | loss_G 1.3503 | D(real) +1.651 | D(fake) -0.251
ðŸ’¾ Saved: /content/drive/MyDrive/gan-rl-runs/12000_iters/checkpoints_64_12000_iters/checkpoints_64_12000_iters/gan_step_007000.pt
step 7010 | loss_D 0.8518 | loss_G 1.4918 | D(real) +0.521 | D(fake) -1.251
step 7020 | loss_D 0.5161 | loss_G 1.8827 | D(real) +1.842 | D(fake) -1.058
step 7030 | loss_D 1.0953 | loss_G 0.8903 | D(real) +1.197 | D(fake) -0.158
step 7040 | loss_D 0.8985 | loss_G 1.2310 | D(real) +0.461 | D(fake) -0.985
step 7050 | loss_D 1.0015 | loss_G 1.2964 | D(real) +0.235 | D(fake) -0.771
step 7060 | loss_D 1.5423 | loss_G 0.7896 | D(real) -0.402 | D(fake) -0.188
step 7070 | loss_D 0.7100 | loss_G 1.1888 | D(real) +0.850 | D(fake) -1.229
step 7080 | loss_D 0.9335 | loss_G 1.6505 | D(real) +0.654 | D(fake) -0.993
step 7090 | loss_D 1.3690 | loss_G 1.2312 | D(real) -0.016 | D(fake) -0.244
step 7100 | loss_D 1.1189 | loss_G 1.0695 | D(real) +0.809 | D(fake) -0.275
step 7110 | loss_D 0.9817 | loss_G 1.3012 | D(real) +2.090 | D(fake) +0.219
step 7120 | loss_D 1.1045 | loss_G 1.2378 | D(real) +0.673 | D(fake) -0.094
step 7130 | loss_D 1.1305 | loss_G 0.8537 | D(real) +0.300 | D(fake) -0.387
step 7140 | loss_D 1.0909 | loss_G 1.0391 | D(real) +0.218 | D(fake) -0.457
step 7150 | loss_D 0.7720 | loss_G 1.3168 | D(real) +1.823 | D(fake) -0.324
step 7160 | loss_D 0.6144 | loss_G 1.6835 | D(real) +1.535 | D(fake) -0.771
step 7170 | loss_D 1.0634 | loss_G 1.3431 | D(real) +0.764 | D(fake) -0.276
step 7180 | loss_D 1.3467 | loss_G 1.1224 | D(real) -0.072 | D(fake) -0.400
step 7190 | loss_D 0.8614 | loss_G 1.2861 | D(real) +1.629 | D(fake) -0.358
step 7200 | loss_D 1.0862 | loss_G 1.2154 | D(real) -0.031 | D(fake) -0.973
step 7210 | loss_D 0.7428 | loss_G 1.1322 | D(real) +1.283 | D(fake) -0.536
step 7220 | loss_D 1.2477 | loss_G 0.7914 | D(real) -0.067 | D(fake) -0.661
step 7230 | loss_D 1.0273 | loss_G 1.2919 | D(real) +0.233 | D(fake) -1.123
step 7240 | loss_D 0.7123 | loss_G 1.5570 | D(real) +1.656 | D(fake) -0.473
step 7250 | loss_D 1.2539 | loss_G 1.4130 | D(real) +0.872 | D(fake) -0.036
step 7260 | loss_D 0.8587 | loss_G 1.7430 | D(real) +0.123 | D(fake) -1.588
step 7270 | loss_D 0.7618 | loss_G 1.3142 | D(real) +1.485 | D(fake) -0.409
step 7280 | loss_D 1.0013 | loss_G 1.2001 | D(real) +1.846 | D(fake) +0.084
step 7290 | loss_D 0.8296 | loss_G 1.2228 | D(real) +0.884 | D(fake) -0.629
step 7300 | loss_D 0.8640 | loss_G 1.2544 | D(real) +1.921 | D(fake) -0.024
step 7310 | loss_D 1.2979 | loss_G 1.0016 | D(real) -0.028 | D(fake) -0.318
step 7320 | loss_D 0.9198 | loss_G 1.3879 | D(real) +0.928 | D(fake) -0.607
step 7330 | loss_D 0.9793 | loss_G 0.8523 | D(real) +1.003 | D(fake) -0.464
step 7340 | loss_D 0.5388 | loss_G 2.0316 | D(real) +1.294 | D(fake) -1.324
step 7350 | loss_D 1.6341 | loss_G 1.2102 | D(real) +0.227 | D(fake) +0.486
step 7360 | loss_D 0.8815 | loss_G 0.6841 | D(real) +1.099 | D(fake) -0.433
step 7370 | loss_D 1.3045 | loss_G 1.0659 | D(real) +0.304 | D(fake) -0.188
step 7380 | loss_D 1.0055 | loss_G 1.1728 | D(real) +0.323 | D(fake) -0.593
step 7390 | loss_D 1.0486 | loss_G 1.2673 | D(real) +0.361 | D(fake) -0.771
step 7400 | loss_D 0.6858 | loss_G 1.1772 | D(real) +1.228 | D(fake) -0.689
step 7410 | loss_D 0.9696 | loss_G 0.8823 | D(real) +1.034 | D(fake) -0.268
step 7420 | loss_D 1.2142 | loss_G 1.0190 | D(real) -0.084 | D(fake) -0.550
step 7430 | loss_D 1.1197 | loss_G 0.8356 | D(real) +0.839 | D(fake) +0.052
step 7440 | loss_D 0.9431 | loss_G 1.1870 | D(real) +0.907 | D(fake) -0.477
step 7450 | loss_D 1.0232 | loss_G 1.1805 | D(real) +0.480 | D(fake) -0.830
step 7460 | loss_D 0.9351 | loss_G 1.2883 | D(real) +1.015 | D(fake) -0.391
step 7470 | loss_D 1.2608 | loss_G 1.1494 | D(real) +0.914 | D(fake) +0.330
step 7480 | loss_D 0.6707 | loss_G 1.6357 | D(real) +1.166 | D(fake) -0.957
step 7490 | loss_D 0.6911 | loss_G 1.9142 | D(real) +1.642 | D(fake) -1.203
step 7500 | loss_D 1.4657 | loss_G 0.8061 | D(real) +0.445 | D(fake) +0.089
ðŸ’¾ Saved: /content/drive/MyDrive/gan-rl-runs/12000_iters/checkpoints_64_12000_iters/checkpoints_64_12000_iters/gan_step_007500.pt
step 7510 | loss_D 0.8465 | loss_G 1.7158 | D(real) +1.359 | D(fake) -0.201
step 7520 | loss_D 1.0897 | loss_G 1.2155 | D(real) +0.141 | D(fake) -0.622
step 7530 | loss_D 0.9547 | loss_G 0.9023 | D(real) +1.134 | D(fake) -0.113
step 7540 | loss_D 0.8684 | loss_G 1.0868 | D(real) +1.264 | D(fake) -0.177
step 7550 | loss_D 1.0893 | loss_G 1.2350 | D(real) +1.443 | D(fake) -0.332
step 7560 | loss_D 0.9144 | loss_G 1.4418 | D(real) +0.949 | D(fake) -0.339
step 7570 | loss_D 0.5321 | loss_G 1.2268 | D(real) +2.643 | D(fake) -0.585
step 7580 | loss_D 1.0406 | loss_G 1.0453 | D(real) +0.637 | D(fake) -0.956
step 7590 | loss_D 0.8377 | loss_G 1.4308 | D(real) +0.918 | D(fake) -0.749
step 7600 | loss_D 0.9790 | loss_G 0.9821 | D(real) +0.662 | D(fake) -0.534
step 7610 | loss_D 0.5647 | loss_G 1.7519 | D(real) +1.671 | D(fake) -0.859
step 7620 | loss_D 1.0238 | loss_G 1.3077 | D(real) +0.768 | D(fake) -0.315
step 7630 | loss_D 1.0712 | loss_G 0.9803 | D(real) +0.594 | D(fake) -0.240
step 7640 | loss_D 0.7442 | loss_G 1.6793 | D(real) +1.096 | D(fake) -0.779
step 7650 | loss_D 1.1211 | loss_G 0.9932 | D(real) +0.231 | D(fake) -0.466
step 7660 | loss_D 0.6386 | loss_G 1.4110 | D(real) +1.216 | D(fake) -0.970
step 7670 | loss_D 0.9736 | loss_G 1.3554 | D(real) +0.621 | D(fake) -0.559
step 7680 | loss_D 0.6701 | loss_G 1.4874 | D(real) +0.862 | D(fake) -1.498
step 7690 | loss_D 0.9944 | loss_G 1.2649 | D(real) +1.248 | D(fake) +0.009
step 7700 | loss_D 1.3731 | loss_G 1.0872 | D(real) +0.085 | D(fake) -0.054
step 7710 | loss_D 0.9727 | loss_G 2.2576 | D(real) +0.149 | D(fake) -1.166
step 7720 | loss_D 1.2561 | loss_G 0.8662 | D(real) +1.078 | D(fake) +0.337
step 7730 | loss_D 0.8080 | loss_G 1.2101 | D(real) +1.330 | D(fake) -0.372
step 7740 | loss_D 1.1717 | loss_G 1.0228 | D(real) +0.219 | D(fake) -0.308
step 7750 | loss_D 1.0302 | loss_G 1.2003 | D(real) +0.641 | D(fake) -0.434
step 7760 | loss_D 1.0247 | loss_G 0.9523 | D(real) +1.618 | D(fake) +0.035
step 7770 | loss_D 0.8797 | loss_G 1.4851 | D(real) +0.935 | D(fake) -1.046
step 7780 | loss_D 1.2540 | loss_G 0.9254 | D(real) -0.126 | D(fake) -0.636
step 7790 | loss_D 0.8758 | loss_G 1.0802 | D(real) +1.392 | D(fake) -0.308
step 7800 | loss_D 1.2365 | loss_G 0.8001 | D(real) +1.085 | D(fake) +0.402
step 7810 | loss_D 0.6099 | loss_G 1.4273 | D(real) +2.904 | D(fake) -1.118
step 7820 | loss_D 0.8869 | loss_G 1.5714 | D(real) +0.707 | D(fake) -0.609
step 7830 | loss_D 1.2046 | loss_G 1.1622 | D(real) +0.573 | D(fake) +0.036
step 7840 | loss_D 0.9531 | loss_G 1.1799 | D(real) +0.540 | D(fake) -0.609
step 7850 | loss_D 0.8890 | loss_G 1.3261 | D(real) +1.251 | D(fake) -0.266
step 7860 | loss_D 0.8521 | loss_G 1.0620 | D(real) +0.882 | D(fake) -0.701
step 7870 | loss_D 0.9815 | loss_G 0.9032 | D(real) +0.921 | D(fake) -0.340
step 7880 | loss_D 0.7033 | loss_G 1.2904 | D(real) +1.209 | D(fake) -1.138
step 7890 | loss_D 1.2754 | loss_G 0.9436 | D(real) +0.194 | D(fake) -0.105
step 7900 | loss_D 1.0125 | loss_G 1.2911 | D(real) +2.400 | D(fake) +0.352
step 7910 | loss_D 0.8008 | loss_G 1.2435 | D(real) +1.498 | D(fake) -0.286
step 7920 | loss_D 0.8715 | loss_G 1.3159 | D(real) +1.624 | D(fake) -0.113
step 7930 | loss_D 1.4956 | loss_G 1.1452 | D(real) -0.228 | D(fake) -0.476
step 7940 | loss_D 1.0777 | loss_G 1.0171 | D(real) +0.207 | D(fake) -0.507
step 7950 | loss_D 0.9269 | loss_G 1.7463 | D(real) +0.579 | D(fake) -0.657
step 7960 | loss_D 1.3424 | loss_G 0.9567 | D(real) -0.078 | D(fake) -0.317
step 7970 | loss_D 0.7529 | loss_G 1.4692 | D(real) +0.904 | D(fake) -1.024
step 7980 | loss_D 1.3885 | loss_G 1.1060 | D(real) -0.008 | D(fake) -0.054
step 7990 | loss_D 1.0591 | loss_G 0.8190 | D(real) +1.222 | D(fake) -0.056
step 8000 | loss_D 1.1916 | loss_G 0.8976 | D(real) -0.215 | D(fake) -0.836
ðŸ’¾ Saved: /content/drive/MyDrive/gan-rl-runs/12000_iters/checkpoints_64_12000_iters/checkpoints_64_12000_iters/gan_step_008000.pt
step 8010 | loss_D 1.5193 | loss_G 1.0654 | D(real) -0.245 | D(fake) -0.050
step 8020 | loss_D 0.7694 | loss_G 1.0335 | D(real) +1.533 | D(fake) -0.502
step 8030 | loss_D 1.0090 | loss_G 1.3416 | D(real) +0.081 | D(fake) -0.888
step 8040 | loss_D 1.3337 | loss_G 0.9751 | D(real) +0.032 | D(fake) -0.168
step 8050 | loss_D 0.7795 | loss_G 1.7882 | D(real) +1.982 | D(fake) -0.686
step 8060 | loss_D 1.3089 | loss_G 1.0053 | D(real) +0.123 | D(fake) -0.595
step 8070 | loss_D 1.0874 | loss_G 0.8178 | D(real) +0.790 | D(fake) -0.053
step 8080 | loss_D 0.8183 | loss_G 1.0896 | D(real) +0.707 | D(fake) -1.190
step 8090 | loss_D 0.8844 | loss_G 1.3100 | D(real) +0.318 | D(fake) -0.983
step 8100 | loss_D 1.1786 | loss_G 0.7963 | D(real) +0.080 | D(fake) -0.632
step 8110 | loss_D 1.2044 | loss_G 1.3943 | D(real) +0.008 | D(fake) -0.605
step 8120 | loss_D 0.7034 | loss_G 1.3538 | D(real) +1.031 | D(fake) -1.230
step 8130 | loss_D 0.8815 | loss_G 1.2108 | D(real) +0.396 | D(fake) -0.951
step 8140 | loss_D 1.4858 | loss_G 1.0157 | D(real) -0.250 | D(fake) -1.012
step 8150 | loss_D 1.0992 | loss_G 1.3474 | D(real) +0.828 | D(fake) -0.145
step 8160 | loss_D 1.1279 | loss_G 1.5081 | D(real) -0.166 | D(fake) -1.655
step 8170 | loss_D 0.7805 | loss_G 1.0803 | D(real) +1.216 | D(fake) -0.766
step 8180 | loss_D 0.8049 | loss_G 0.9549 | D(real) +1.215 | D(fake) -0.476
step 8190 | loss_D 0.9224 | loss_G 1.0813 | D(real) +1.626 | D(fake) -0.367
step 8200 | loss_D 0.7076 | loss_G 1.1615 | D(real) +2.045 | D(fake) -0.497
step 8210 | loss_D 1.2745 | loss_G 1.2061 | D(real) -0.225 | D(fake) -1.321
step 8220 | loss_D 1.1535 | loss_G 1.1480 | D(real) +0.346 | D(fake) -0.243
step 8230 | loss_D 0.5659 | loss_G 2.1030 | D(real) +0.980 | D(fake) -2.000
step 8240 | loss_D 1.1642 | loss_G 0.8461 | D(real) +0.686 | D(fake) -0.062
step 8250 | loss_D 1.1661 | loss_G 0.9089 | D(real) +0.279 | D(fake) -0.323
step 8260 | loss_D 0.9228 | loss_G 1.2204 | D(real) +0.670 | D(fake) -0.583
step 8270 | loss_D 1.4663 | loss_G 0.7706 | D(real) -0.642 | D(fake) -0.793
step 8280 | loss_D 0.7143 | loss_G 1.0084 | D(real) +0.808 | D(fake) -1.013
step 8290 | loss_D 0.8681 | loss_G 1.3750 | D(real) +1.397 | D(fake) -0.366
step 8300 | loss_D 1.2097 | loss_G 1.0814 | D(real) +0.018 | D(fake) -0.495
step 8310 | loss_D 0.8503 | loss_G 1.3278 | D(real) +1.001 | D(fake) -1.146
step 8320 | loss_D 0.6184 | loss_G 1.3316 | D(real) +1.432 | D(fake) -0.749
step 8330 | loss_D 0.8207 | loss_G 1.0693 | D(real) +2.045 | D(fake) -0.159
step 8340 | loss_D 0.7684 | loss_G 1.7700 | D(real) +1.069 | D(fake) -0.679
step 8350 | loss_D 1.0568 | loss_G 1.4393 | D(real) +0.401 | D(fake) -0.451
step 8360 | loss_D 1.1775 | loss_G 1.1849 | D(real) -0.128 | D(fake) -0.831
step 8370 | loss_D 1.0462 | loss_G 1.2242 | D(real) +0.676 | D(fake) -0.406
step 8380 | loss_D 1.2885 | loss_G 1.3592 | D(real) -0.117 | D(fake) -0.533
step 8390 | loss_D 1.0156 | loss_G 1.3670 | D(real) +1.293 | D(fake) +0.005
step 8400 | loss_D 1.4587 | loss_G 0.8685 | D(real) -0.008 | D(fake) -0.197
step 8410 | loss_D 0.9591 | loss_G 0.7657 | D(real) +0.587 | D(fake) -0.526
step 8420 | loss_D 1.0377 | loss_G 1.3346 | D(real) +0.474 | D(fake) -0.617
step 8430 | loss_D 0.7238 | loss_G 0.7548 | D(real) +1.803 | D(fake) -0.429
step 8440 | loss_D 1.2006 | loss_G 1.4683 | D(real) +0.430 | D(fake) -0.256
step 8450 | loss_D 1.1859 | loss_G 0.9224 | D(real) +1.305 | D(fake) +0.159
step 8460 | loss_D 0.8317 | loss_G 1.2279 | D(real) +0.935 | D(fake) -0.802
step 8470 | loss_D 1.3186 | loss_G 1.0833 | D(real) -0.005 | D(fake) -0.501
step 8480 | loss_D 1.3284 | loss_G 1.0042 | D(real) -0.188 | D(fake) -0.406
step 8490 | loss_D 0.4401 | loss_G 1.4694 | D(real) +2.531 | D(fake) -0.908
step 8500 | loss_D 1.2700 | loss_G 1.1565 | D(real) +0.703 | D(fake) +0.089
ðŸ’¾ Saved: /content/drive/MyDrive/gan-rl-runs/12000_iters/checkpoints_64_12000_iters/checkpoints_64_12000_iters/gan_step_008500.pt
step 8510 | loss_D 1.0938 | loss_G 1.3656 | D(real) +0.271 | D(fake) -0.499
step 8520 | loss_D 1.2832 | loss_G 0.9349 | D(real) -0.334 | D(fake) -0.861
step 8530 | loss_D 1.1646 | loss_G 1.0407 | D(real) +0.489 | D(fake) -0.511
step 8540 | loss_D 1.2337 | loss_G 1.5556 | D(real) -0.302 | D(fake) -0.978
step 8550 | loss_D 0.9322 | loss_G 0.9305 | D(real) +1.300 | D(fake) -0.169
step 8560 | loss_D 1.0480 | loss_G 1.0122 | D(real) +1.142 | D(fake) +0.026
step 8570 | loss_D 0.7360 | loss_G 1.2800 | D(real) +1.081 | D(fake) -0.834
step 8580 | loss_D 1.5655 | loss_G 1.0008 | D(real) -0.759 | D(fake) -0.870
step 8590 | loss_D 1.1523 | loss_G 0.7552 | D(real) +0.196 | D(fake) -0.703
step 8600 | loss_D 1.0635 | loss_G 0.8576 | D(real) +0.185 | D(fake) -0.637
step 8610 | loss_D 1.2081 | loss_G 1.2864 | D(real) +0.596 | D(fake) +0.015
step 8620 | loss_D 1.5442 | loss_G 0.9357 | D(real) -0.688 | D(fake) -0.743
step 8630 | loss_D 0.7466 | loss_G 1.2489 | D(real) +1.556 | D(fake) -0.654
step 8640 | loss_D 1.1436 | loss_G 1.4098 | D(real) +0.734 | D(fake) -0.554
step 8650 | loss_D 0.4619 | loss_G 2.3441 | D(real) +2.766 | D(fake) -1.013
step 8660 | loss_D 0.8727 | loss_G 1.4322 | D(real) +1.200 | D(fake) -0.273
step 8670 | loss_D 0.8764 | loss_G 1.0778 | D(real) +0.775 | D(fake) -0.556
step 8680 | loss_D 1.5625 | loss_G 0.8885 | D(real) +0.023 | D(fake) +0.021
step 8690 | loss_D 1.4588 | loss_G 0.6224 | D(real) -0.165 | D(fake) -0.244
step 8700 | loss_D 0.9858 | loss_G 1.4273 | D(real) +0.812 | D(fake) -0.204
step 8710 | loss_D 1.5762 | loss_G 0.6717 | D(real) -0.706 | D(fake) -0.567
step 8720 | loss_D 1.3783 | loss_G 0.9259 | D(real) -0.365 | D(fake) -0.938
step 8730 | loss_D 1.0670 | loss_G 1.1521 | D(real) +0.401 | D(fake) -0.909
step 8740 | loss_D 0.8020 | loss_G 1.0089 | D(real) +0.702 | D(fake) -0.932
step 8750 | loss_D 1.2236 | loss_G 1.1412 | D(real) -0.464 | D(fake) -1.281
step 8760 | loss_D 0.6605 | loss_G 1.9185 | D(real) +1.374 | D(fake) -0.867
step 8770 | loss_D 1.3923 | loss_G 1.0341 | D(real) +0.165 | D(fake) +0.095
step 8780 | loss_D 0.5702 | loss_G 1.8260 | D(real) +1.411 | D(fake) -1.170
step 8790 | loss_D 1.1854 | loss_G 1.2546 | D(real) +0.451 | D(fake) -0.527
step 8800 | loss_D 0.6000 | loss_G 1.9081 | D(real) +2.027 | D(fake) -0.536
step 8810 | loss_D 1.1211 | loss_G 0.9915 | D(real) +0.186 | D(fake) -0.936
step 8820 | loss_D 1.2344 | loss_G 1.2025 | D(real) -0.083 | D(fake) -0.641
step 8830 | loss_D 0.8904 | loss_G 1.4532 | D(real) +0.995 | D(fake) -0.908
step 8840 | loss_D 0.6206 | loss_G 0.9182 | D(real) +1.840 | D(fake) -0.616
step 8850 | loss_D 1.0290 | loss_G 0.9755 | D(real) +0.491 | D(fake) -0.498
step 8860 | loss_D 0.9794 | loss_G 1.5424 | D(real) +0.808 | D(fake) -0.601
step 8870 | loss_D 0.4693 | loss_G 1.4971 | D(real) +2.662 | D(fake) -0.768
step 8880 | loss_D 1.0707 | loss_G 1.8777 | D(real) +0.951 | D(fake) -0.204
step 8890 | loss_D 0.9199 | loss_G 1.2616 | D(real) +0.419 | D(fake) -0.935
step 8900 | loss_D 1.5173 | loss_G 1.1467 | D(real) -0.454 | D(fake) -0.494
step 8910 | loss_D 0.9020 | loss_G 0.8428 | D(real) +0.470 | D(fake) -0.720
step 8920 | loss_D 1.2731 | loss_G 0.8340 | D(real) +0.010 | D(fake) -0.469
step 8930 | loss_D 1.0799 | loss_G 1.1207 | D(real) +0.285 | D(fake) -0.587
step 8940 | loss_D 1.2622 | loss_G 0.8373 | D(real) +0.223 | D(fake) -0.155
step 8950 | loss_D 1.1892 | loss_G 1.3165 | D(real) +0.223 | D(fake) -0.573
step 8960 | loss_D 1.1554 | loss_G 1.3510 | D(real) +0.300 | D(fake) -0.273
step 8970 | loss_D 1.7848 | loss_G 0.7218 | D(real) -0.993 | D(fake) -1.020
step 8980 | loss_D 1.0275 | loss_G 1.2672 | D(real) +0.749 | D(fake) -0.598
step 8990 | loss_D 1.3514 | loss_G 0.8525 | D(real) -0.253 | D(fake) -0.603
step 9000 | loss_D 1.0239 | loss_G 1.0082 | D(real) +0.119 | D(fake) -0.787
ðŸ’¾ Saved: /content/drive/MyDrive/gan-rl-runs/12000_iters/checkpoints_64_12000_iters/checkpoints_64_12000_iters/gan_step_009000.pt
step 9010 | loss_D 0.8021 | loss_G 1.3378 | D(real) +1.687 | D(fake) -0.439
step 9020 | loss_D 1.0799 | loss_G 1.0322 | D(real) +0.183 | D(fake) -0.757
step 9030 | loss_D 1.0326 | loss_G 0.9823 | D(real) +1.266 | D(fake) -0.199
step 9040 | loss_D 1.0477 | loss_G 0.6727 | D(real) +0.446 | D(fake) -0.581
step 9050 | loss_D 0.4655 | loss_G 1.8565 | D(real) +1.690 | D(fake) -1.287
step 9060 | loss_D 0.4929 | loss_G 1.9863 | D(real) +1.728 | D(fake) -1.188
step 9070 | loss_D 1.2708 | loss_G 1.4930 | D(real) -0.296 | D(fake) -1.316
step 9080 | loss_D 0.9990 | loss_G 0.9376 | D(real) +0.797 | D(fake) -0.262
step 9090 | loss_D 1.0507 | loss_G 1.3931 | D(real) +0.282 | D(fake) -0.590
step 9100 | loss_D 0.9245 | loss_G 0.6692 | D(real) +0.365 | D(fake) -0.757
step 9110 | loss_D 1.0889 | loss_G 0.8106 | D(real) +0.056 | D(fake) -0.829
step 9120 | loss_D 0.6739 | loss_G 1.2031 | D(real) +1.538 | D(fake) -0.629
step 9130 | loss_D 1.3017 | loss_G 0.9972 | D(real) +0.219 | D(fake) -0.139
step 9140 | loss_D 1.1295 | loss_G 1.2089 | D(real) -0.093 | D(fake) -1.558
step 9150 | loss_D 1.1998 | loss_G 1.0674 | D(real) -0.027 | D(fake) -0.512
step 9160 | loss_D 1.1469 | loss_G 0.8059 | D(real) -0.033 | D(fake) -0.631
step 9170 | loss_D 1.4626 | loss_G 0.8345 | D(real) -0.211 | D(fake) -0.243
step 9180 | loss_D 1.0187 | loss_G 1.0983 | D(real) +0.313 | D(fake) -0.722
step 9190 | loss_D 0.9487 | loss_G 1.0025 | D(real) +0.637 | D(fake) -0.555
step 9200 | loss_D 0.7627 | loss_G 0.9073 | D(real) +1.841 | D(fake) -0.580
step 9210 | loss_D 1.0468 | loss_G 1.2543 | D(real) +1.307 | D(fake) -0.788
step 9220 | loss_D 0.7980 | loss_G 0.9574 | D(real) +1.717 | D(fake) -0.450
step 9230 | loss_D 1.3322 | loss_G 1.2683 | D(real) -0.353 | D(fake) -0.677
step 9240 | loss_D 1.1647 | loss_G 2.0895 | D(real) +0.678 | D(fake) -0.319
step 9250 | loss_D 0.7736 | loss_G 1.8712 | D(real) +0.994 | D(fake) -1.241
step 9260 | loss_D 0.6752 | loss_G 1.7571 | D(real) +1.660 | D(fake) -0.466
step 9270 | loss_D 1.3367 | loss_G 1.1392 | D(real) -0.424 | D(fake) -0.953
step 9280 | loss_D 1.0094 | loss_G 0.7963 | D(real) +0.801 | D(fake) -0.266
step 9290 | loss_D 0.8897 | loss_G 0.9383 | D(real) +0.256 | D(fake) -1.116
step 9300 | loss_D 0.9191 | loss_G 1.0075 | D(real) +0.925 | D(fake) -0.424
step 9310 | loss_D 1.0824 | loss_G 1.2682 | D(real) +1.295 | D(fake) +0.092
step 9320 | loss_D 1.0937 | loss_G 0.9796 | D(real) +1.025 | D(fake) +0.143
step 9330 | loss_D 1.0095 | loss_G 0.9326 | D(real) +0.453 | D(fake) -0.514
step 9340 | loss_D 1.3488 | loss_G 1.4548 | D(real) -0.104 | D(fake) -0.342
step 9350 | loss_D 1.4131 | loss_G 1.3221 | D(real) -0.255 | D(fake) -0.866
step 9360 | loss_D 0.7549 | loss_G 1.1900 | D(real) +0.974 | D(fake) -0.741
step 9370 | loss_D 1.1445 | loss_G 0.7259 | D(real) +0.771 | D(fake) -0.092
step 9380 | loss_D 0.8913 | loss_G 0.8675 | D(real) +0.911 | D(fake) -0.515
step 9390 | loss_D 0.8171 | loss_G 1.2194 | D(real) +1.165 | D(fake) -0.732
step 9400 | loss_D 0.7600 | loss_G 0.9758 | D(real) +1.121 | D(fake) -0.606
step 9410 | loss_D 1.2242 | loss_G 0.9415 | D(real) +0.052 | D(fake) -0.513
step 9420 | loss_D 1.0133 | loss_G 1.4933 | D(real) +0.758 | D(fake) -0.319
step 9430 | loss_D 1.4286 | loss_G 1.3903 | D(real) +1.361 | D(fake) +0.474
step 9440 | loss_D 0.7255 | loss_G 1.3883 | D(real) +0.665 | D(fake) -1.134
step 9450 | loss_D 0.9400 | loss_G 0.8592 | D(real) +1.681 | D(fake) +0.002
step 9460 | loss_D 1.0044 | loss_G 1.2932 | D(real) +0.777 | D(fake) -0.349
step 9470 | loss_D 0.7521 | loss_G 1.0857 | D(real) +0.995 | D(fake) -0.734
step 9480 | loss_D 1.0641 | loss_G 1.2302 | D(real) +0.488 | D(fake) -0.508
step 9490 | loss_D 1.2692 | loss_G 0.9426 | D(real) +0.008 | D(fake) -0.544
step 9500 | loss_D 0.7243 | loss_G 1.8081 | D(real) +1.157 | D(fake) -0.948
ðŸ’¾ Saved: /content/drive/MyDrive/gan-rl-runs/12000_iters/checkpoints_64_12000_iters/checkpoints_64_12000_iters/gan_step_009500.pt
step 9510 | loss_D 1.8601 | loss_G 1.1448 | D(real) -0.544 | D(fake) -0.274
step 9520 | loss_D 1.0363 | loss_G 1.2049 | D(real) +0.904 | D(fake) -0.380
step 9530 | loss_D 0.8232 | loss_G 0.9775 | D(real) +0.380 | D(fake) -1.395
step 9540 | loss_D 1.2436 | loss_G 0.7431 | D(real) +2.199 | D(fake) +0.605
step 9550 | loss_D 0.8507 | loss_G 1.1180 | D(real) +0.395 | D(fake) -1.077
step 9560 | loss_D 0.9253 | loss_G 1.1718 | D(real) +0.750 | D(fake) -0.472
step 9570 | loss_D 0.9419 | loss_G 1.4258 | D(real) +1.420 | D(fake) -0.479
step 9580 | loss_D 1.3579 | loss_G 1.2101 | D(real) +0.216 | D(fake) -0.244
step 9590 | loss_D 0.6818 | loss_G 1.0719 | D(real) +1.273 | D(fake) -0.828
step 9600 | loss_D 1.1996 | loss_G 0.8125 | D(real) +0.589 | D(fake) +0.019
step 9610 | loss_D 1.0609 | loss_G 1.2304 | D(real) +0.516 | D(fake) -0.450
step 9620 | loss_D 1.2587 | loss_G 1.1129 | D(real) +0.433 | D(fake) +0.018
step 9630 | loss_D 0.7748 | loss_G 1.8891 | D(real) +1.180 | D(fake) -0.905
step 9640 | loss_D 0.6008 | loss_G 1.6984 | D(real) +1.278 | D(fake) -1.031
step 9650 | loss_D 1.2899 | loss_G 0.9620 | D(real) +0.202 | D(fake) -0.434
step 9660 | loss_D 0.8743 | loss_G 1.0750 | D(real) +1.330 | D(fake) -0.253
step 9670 | loss_D 1.1294 | loss_G 0.8026 | D(real) +0.433 | D(fake) -0.229
step 9680 | loss_D 0.9425 | loss_G 0.6292 | D(real) +0.286 | D(fake) -0.803
step 9690 | loss_D 0.9268 | loss_G 1.3199 | D(real) +0.497 | D(fake) -0.645
step 9700 | loss_D 0.7526 | loss_G 1.2325 | D(real) +0.603 | D(fake) -1.096
step 9710 | loss_D 1.0721 | loss_G 0.9808 | D(real) -0.061 | D(fake) -1.107
step 9720 | loss_D 1.2123 | loss_G 0.8848 | D(real) +0.238 | D(fake) -0.434
step 9730 | loss_D 0.9607 | loss_G 1.3838 | D(real) +0.272 | D(fake) -1.276
step 9740 | loss_D 1.1424 | loss_G 0.5864 | D(real) -0.088 | D(fake) -1.035
step 9750 | loss_D 0.9245 | loss_G 1.1463 | D(real) +0.738 | D(fake) -0.532
step 9760 | loss_D 0.7321 | loss_G 1.3067 | D(real) +0.589 | D(fake) -1.318
step 9770 | loss_D 0.9701 | loss_G 1.4017 | D(real) +1.079 | D(fake) -0.157
step 9780 | loss_D 0.9100 | loss_G 0.9270 | D(real) +1.101 | D(fake) -0.484
step 9790 | loss_D 1.3544 | loss_G 1.1901 | D(real) -0.294 | D(fake) -0.492
step 9800 | loss_D 0.8890 | loss_G 1.4975 | D(real) +1.471 | D(fake) -0.628
step 9810 | loss_D 1.0130 | loss_G 0.9129 | D(real) +0.591 | D(fake) -0.552
step 9820 | loss_D 0.7789 | loss_G 1.2407 | D(real) +0.745 | D(fake) -1.119
step 9830 | loss_D 0.9214 | loss_G 1.2624 | D(real) +0.739 | D(fake) -0.583
step 9840 | loss_D 1.1772 | loss_G 2.1279 | D(real) +1.449 | D(fake) -0.271
step 9850 | loss_D 1.5024 | loss_G 1.0569 | D(real) +0.293 | D(fake) -0.027
step 9860 | loss_D 1.1264 | loss_G 0.8729 | D(real) +0.736 | D(fake) -0.035
step 9870 | loss_D 1.5189 | loss_G 0.8541 | D(real) -0.495 | D(fake) -0.387
step 9880 | loss_D 0.8519 | loss_G 1.0110 | D(real) +1.121 | D(fake) -0.554
step 9890 | loss_D 1.1745 | loss_G 0.8217 | D(real) +0.009 | D(fake) -0.593
step 9900 | loss_D 1.0140 | loss_G 1.1799 | D(real) +0.557 | D(fake) -0.571
step 9910 | loss_D 1.1415 | loss_G 1.1476 | D(real) +0.713 | D(fake) -0.132
step 9920 | loss_D 1.1686 | loss_G 1.3285 | D(real) +0.683 | D(fake) -0.160
step 9930 | loss_D 1.1120 | loss_G 1.0205 | D(real) +0.126 | D(fake) -0.612
step 9940 | loss_D 0.8036 | loss_G 0.9280 | D(real) +0.700 | D(fake) -0.987
step 9950 | loss_D 1.2978 | loss_G 0.9027 | D(real) +0.394 | D(fake) -0.389
step 9960 | loss_D 0.9396 | loss_G 1.0422 | D(real) +0.604 | D(fake) -0.473
step 9970 | loss_D 0.8966 | loss_G 1.1751 | D(real) +0.817 | D(fake) -0.490
step 9980 | loss_D 1.0229 | loss_G 1.1719 | D(real) +0.578 | D(fake) -0.307
step 9990 | loss_D 0.8386 | loss_G 1.1764 | D(real) +2.131 | D(fake) -0.412
step 10000 | loss_D 1.0524 | loss_G 1.1145 | D(real) +0.174 | D(fake) -1.021
ðŸ’¾ Saved: /content/drive/MyDrive/gan-rl-runs/12000_iters/checkpoints_64_12000_iters/checkpoints_64_12000_iters/gan_step_010000.pt
step 10010 | loss_D 1.5499 | loss_G 0.9899 | D(real) -0.646 | D(fake) -0.572
step 10020 | loss_D 0.8905 | loss_G 1.0475 | D(real) +1.783 | D(fake) -0.348
step 10030 | loss_D 0.8396 | loss_G 1.3374 | D(real) +1.132 | D(fake) -0.552
step 10040 | loss_D 1.3041 | loss_G 0.5975 | D(real) +0.183 | D(fake) -0.106
step 10050 | loss_D 0.8981 | loss_G 0.8590 | D(real) +1.139 | D(fake) -0.292
step 10060 | loss_D 1.1172 | loss_G 1.1104 | D(real) +0.285 | D(fake) -0.507
step 10070 | loss_D 0.7542 | loss_G 1.4783 | D(real) +1.213 | D(fake) -0.629
step 10080 | loss_D 0.6852 | loss_G 2.3585 | D(real) +0.979 | D(fake) -1.071
step 10090 | loss_D 1.1821 | loss_G 1.3619 | D(real) +0.156 | D(fake) -0.309
step 10100 | loss_D 1.1454 | loss_G 1.3130 | D(real) +1.227 | D(fake) -0.218
step 10110 | loss_D 0.9128 | loss_G 1.4639 | D(real) +0.670 | D(fake) -0.744
step 10120 | loss_D 0.9634 | loss_G 1.3480 | D(real) +2.264 | D(fake) -0.011
step 10130 | loss_D 0.6959 | loss_G 1.3198 | D(real) +2.201 | D(fake) -0.649
step 10140 | loss_D 0.8296 | loss_G 1.1414 | D(real) +0.728 | D(fake) -0.694
step 10150 | loss_D 0.8521 | loss_G 0.9067 | D(real) +1.160 | D(fake) -0.548
step 10160 | loss_D 1.2647 | loss_G 0.8320 | D(real) -0.080 | D(fake) -0.401
step 10170 | loss_D 0.8270 | loss_G 1.1170 | D(real) +0.485 | D(fake) -0.986
step 10180 | loss_D 1.2674 | loss_G 1.2899 | D(real) -0.320 | D(fake) -0.934
step 10190 | loss_D 0.7006 | loss_G 1.1585 | D(real) +0.969 | D(fake) -1.151
step 10200 | loss_D 1.4250 | loss_G 1.2786 | D(real) -0.455 | D(fake) -0.553
step 10210 | loss_D 0.8960 | loss_G 1.1289 | D(real) +0.626 | D(fake) -0.828
step 10220 | loss_D 0.7850 | loss_G 0.9896 | D(real) +1.147 | D(fake) -0.558
step 10230 | loss_D 0.7894 | loss_G 1.3766 | D(real) +1.807 | D(fake) -0.542
step 10240 | loss_D 0.8125 | loss_G 1.1696 | D(real) +1.428 | D(fake) -0.901
step 10250 | loss_D 0.7009 | loss_G 1.2653 | D(real) +1.120 | D(fake) -0.736
step 10260 | loss_D 0.8410 | loss_G 0.9708 | D(real) +0.569 | D(fake) -1.001
step 10270 | loss_D 0.9942 | loss_G 1.3369 | D(real) +1.806 | D(fake) -0.420
step 10280 | loss_D 1.2912 | loss_G 1.2401 | D(real) +1.507 | D(fake) -0.089
step 10290 | loss_D 1.0605 | loss_G 1.1273 | D(real) +0.233 | D(fake) -0.544
step 10300 | loss_D 1.1205 | loss_G 1.2169 | D(real) +0.627 | D(fake) -0.693
step 10310 | loss_D 1.2685 | loss_G 0.7716 | D(real) -0.288 | D(fake) -0.670
step 10320 | loss_D 0.5207 | loss_G 1.4992 | D(real) +1.723 | D(fake) -1.021
step 10330 | loss_D 0.9692 | loss_G 1.3867 | D(real) +0.461 | D(fake) -1.103
step 10340 | loss_D 0.9044 | loss_G 1.3081 | D(real) +0.942 | D(fake) -0.750
step 10350 | loss_D 0.8934 | loss_G 1.3013 | D(real) +1.469 | D(fake) -0.183
step 10360 | loss_D 0.9050 | loss_G 1.1249 | D(real) +0.959 | D(fake) -0.984
step 10370 | loss_D 1.6636 | loss_G 1.8527 | D(real) -0.809 | D(fake) -1.441
step 10380 | loss_D 1.1113 | loss_G 1.1736 | D(real) +1.324 | D(fake) +0.048
step 10390 | loss_D 1.5502 | loss_G 0.7823 | D(real) -0.578 | D(fake) -1.350
step 10400 | loss_D 0.8529 | loss_G 1.3068 | D(real) +2.744 | D(fake) -0.358
step 10410 | loss_D 1.5637 | loss_G 1.0222 | D(real) -0.162 | D(fake) -0.432
step 10420 | loss_D 1.3029 | loss_G 0.7963 | D(real) -0.070 | D(fake) -0.289
step 10430 | loss_D 1.3262 | loss_G 0.8857 | D(real) -0.053 | D(fake) -0.413
step 10440 | loss_D 0.9474 | loss_G 1.0128 | D(real) +0.465 | D(fake) -0.549
step 10450 | loss_D 1.3180 | loss_G 0.8052 | D(real) +0.340 | D(fake) +0.035
step 10460 | loss_D 0.5163 | loss_G 1.5430 | D(real) +1.577 | D(fake) -1.121
step 10470 | loss_D 0.9126 | loss_G 1.0467 | D(real) +1.646 | D(fake) -0.341
step 10480 | loss_D 0.7198 | loss_G 1.1536 | D(real) +1.223 | D(fake) -0.745
step 10490 | loss_D 0.8374 | loss_G 1.5057 | D(real) +0.657 | D(fake) -1.125
step 10500 | loss_D 1.2487 | loss_G 1.0730 | D(real) +0.710 | D(fake) -0.039
ðŸ’¾ Saved: /content/drive/MyDrive/gan-rl-runs/12000_iters/checkpoints_64_12000_iters/checkpoints_64_12000_iters/gan_step_010500.pt
step 10510 | loss_D 1.5763 | loss_G 0.9230 | D(real) +0.026 | D(fake) +0.148
step 10520 | loss_D 0.5940 | loss_G 1.1300 | D(real) +1.936 | D(fake) -0.820
step 10530 | loss_D 0.7265 | loss_G 1.7458 | D(real) +0.828 | D(fake) -0.908
step 10540 | loss_D 1.0209 | loss_G 1.2552 | D(real) +1.153 | D(fake) -0.002
step 10550 | loss_D 1.0886 | loss_G 0.6952 | D(real) +0.072 | D(fake) -0.854
step 10560 | loss_D 1.0441 | loss_G 1.1046 | D(real) +1.000 | D(fake) -0.051
step 10570 | loss_D 1.1730 | loss_G 0.7335 | D(real) +0.637 | D(fake) -0.171
step 10580 | loss_D 0.8396 | loss_G 1.1494 | D(real) +1.034 | D(fake) -0.688
step 10590 | loss_D 0.9758 | loss_G 1.1535 | D(real) +0.458 | D(fake) -0.931
step 10600 | loss_D 0.6266 | loss_G 1.4476 | D(real) +0.735 | D(fake) -1.476
step 10610 | loss_D 1.1658 | loss_G 1.0578 | D(real) +0.213 | D(fake) -0.656
step 10620 | loss_D 1.1340 | loss_G 1.0432 | D(real) +0.751 | D(fake) -0.236
step 10630 | loss_D 0.7759 | loss_G 0.9147 | D(real) +1.069 | D(fake) -0.802
step 10640 | loss_D 1.1151 | loss_G 0.9469 | D(real) +0.087 | D(fake) -0.799
step 10650 | loss_D 1.0797 | loss_G 0.9780 | D(real) +0.172 | D(fake) -0.543
step 10660 | loss_D 0.7913 | loss_G 1.3685 | D(real) +1.369 | D(fake) -1.104
step 10670 | loss_D 0.9835 | loss_G 0.8314 | D(real) +0.220 | D(fake) -0.804
step 10680 | loss_D 1.0243 | loss_G 1.4700 | D(real) -0.003 | D(fake) -1.167
step 10690 | loss_D 1.0237 | loss_G 1.4485 | D(real) +0.646 | D(fake) -0.357
step 10700 | loss_D 0.9201 | loss_G 1.3691 | D(real) +0.704 | D(fake) -0.558
step 10710 | loss_D 1.2783 | loss_G 1.1482 | D(real) +0.566 | D(fake) -0.062
step 10720 | loss_D 0.6380 | loss_G 1.2766 | D(real) +1.302 | D(fake) -0.804
step 10730 | loss_D 1.4519 | loss_G 0.7350 | D(real) -0.483 | D(fake) -0.711
step 10740 | loss_D 0.9284 | loss_G 0.9145 | D(real) +0.375 | D(fake) -0.735
step 10750 | loss_D 0.8948 | loss_G 1.3326 | D(real) +1.117 | D(fake) -0.370
step 10760 | loss_D 0.9286 | loss_G 0.8883 | D(real) +2.324 | D(fake) +0.088
step 10770 | loss_D 0.8053 | loss_G 1.1308 | D(real) +0.353 | D(fake) -1.491
step 10780 | loss_D 0.8883 | loss_G 1.0967 | D(real) +0.935 | D(fake) -0.351
step 10790 | loss_D 1.0749 | loss_G 1.8761 | D(real) +1.743 | D(fake) +0.217
step 10800 | loss_D 0.8756 | loss_G 1.4180 | D(real) +1.729 | D(fake) -0.456
step 10810 | loss_D 0.9037 | loss_G 1.0618 | D(real) +0.910 | D(fake) -0.342
step 10820 | loss_D 0.9134 | loss_G 1.0352 | D(real) +1.209 | D(fake) -0.490
step 10830 | loss_D 0.8993 | loss_G 1.3474 | D(real) +0.480 | D(fake) -0.883
step 10840 | loss_D 0.9881 | loss_G 1.2358 | D(real) +0.764 | D(fake) -0.401
step 10850 | loss_D 1.4912 | loss_G 0.7615 | D(real) -0.517 | D(fake) -0.508
step 10860 | loss_D 1.0218 | loss_G 1.0887 | D(real) +0.635 | D(fake) -0.383
step 10870 | loss_D 1.1151 | loss_G 1.1505 | D(real) +0.158 | D(fake) -1.198
step 10880 | loss_D 0.6809 | loss_G 1.5424 | D(real) +1.177 | D(fake) -1.379
step 10890 | loss_D 0.9303 | loss_G 1.2909 | D(real) +0.598 | D(fake) -1.035
step 10900 | loss_D 0.8537 | loss_G 1.2204 | D(real) +1.476 | D(fake) -0.150
step 10910 | loss_D 1.0604 | loss_G 0.9697 | D(real) +0.489 | D(fake) -0.792
step 10920 | loss_D 1.0950 | loss_G 1.0061 | D(real) +0.335 | D(fake) -0.476
step 10930 | loss_D 0.9881 | loss_G 1.3874 | D(real) +0.397 | D(fake) -0.674
step 10940 | loss_D 0.8688 | loss_G 1.6216 | D(real) +1.650 | D(fake) -0.580
step 10950 | loss_D 1.0586 | loss_G 0.5709 | D(real) +0.619 | D(fake) -0.666
step 10960 | loss_D 1.0072 | loss_G 0.9331 | D(real) +0.570 | D(fake) -1.202
step 10970 | loss_D 1.1833 | loss_G 0.8420 | D(real) +0.740 | D(fake) +0.036
step 10980 | loss_D 0.7873 | loss_G 1.4544 | D(real) +1.041 | D(fake) -0.943
step 10990 | loss_D 0.9647 | loss_G 1.0732 | D(real) +0.734 | D(fake) -0.461
step 11000 | loss_D 1.3358 | loss_G 0.8432 | D(real) -0.208 | D(fake) -0.547
ðŸ’¾ Saved: /content/drive/MyDrive/gan-rl-runs/12000_iters/checkpoints_64_12000_iters/checkpoints_64_12000_iters/gan_step_011000.pt
step 11010 | loss_D 0.9088 | loss_G 1.1787 | D(real) +1.317 | D(fake) -0.391
step 11020 | loss_D 1.4373 | loss_G 1.3759 | D(real) -0.112 | D(fake) -0.082
step 11030 | loss_D 0.9313 | loss_G 0.9848 | D(real) +1.261 | D(fake) -0.127
step 11040 | loss_D 0.7160 | loss_G 1.5758 | D(real) +1.866 | D(fake) -0.414
step 11050 | loss_D 0.7877 | loss_G 1.0467 | D(real) +1.231 | D(fake) -0.535
step 11060 | loss_D 0.4701 | loss_G 2.1158 | D(real) +1.406 | D(fake) -1.492
step 11070 | loss_D 0.9509 | loss_G 1.1491 | D(real) +0.491 | D(fake) -0.722
step 11080 | loss_D 0.9009 | loss_G 1.3354 | D(real) +0.703 | D(fake) -0.518
step 11090 | loss_D 1.0801 | loss_G 1.1825 | D(real) +0.374 | D(fake) -0.486
step 11100 | loss_D 1.0565 | loss_G 0.9922 | D(real) +0.923 | D(fake) -0.405
step 11110 | loss_D 0.8331 | loss_G 1.4825 | D(real) +2.811 | D(fake) +0.036
step 11120 | loss_D 0.9708 | loss_G 1.5050 | D(real) +0.750 | D(fake) -0.391
step 11130 | loss_D 1.0082 | loss_G 1.2684 | D(real) +0.522 | D(fake) -0.379
step 11140 | loss_D 1.2091 | loss_G 0.8988 | D(real) +0.575 | D(fake) -0.126
step 11150 | loss_D 0.7916 | loss_G 1.5270 | D(real) +1.079 | D(fake) -0.556
step 11160 | loss_D 1.1063 | loss_G 1.2294 | D(real) +1.247 | D(fake) -0.088
step 11170 | loss_D 0.8891 | loss_G 1.2719 | D(real) +0.641 | D(fake) -0.649
step 11180 | loss_D 1.1693 | loss_G 0.9786 | D(real) +0.093 | D(fake) -0.495
step 11190 | loss_D 1.0247 | loss_G 1.0998 | D(real) +1.190 | D(fake) -0.326
step 11200 | loss_D 1.1506 | loss_G 0.9866 | D(real) +0.514 | D(fake) -0.189
step 11210 | loss_D 1.2512 | loss_G 1.1169 | D(real) +0.506 | D(fake) +0.071
step 11220 | loss_D 1.0362 | loss_G 1.2306 | D(real) +0.407 | D(fake) -0.584
step 11230 | loss_D 0.5340 | loss_G 1.7797 | D(real) +1.559 | D(fake) -0.984
step 11240 | loss_D 1.5993 | loss_G 1.5946 | D(real) +0.449 | D(fake) +0.469
step 11250 | loss_D 1.0603 | loss_G 1.2037 | D(real) +0.298 | D(fake) -0.655
step 11260 | loss_D 0.9941 | loss_G 1.3998 | D(real) +0.697 | D(fake) -0.257
step 11270 | loss_D 0.9355 | loss_G 1.0835 | D(real) +0.308 | D(fake) -0.922
step 11280 | loss_D 1.0130 | loss_G 1.1416 | D(real) +0.535 | D(fake) -0.417
step 11290 | loss_D 1.5065 | loss_G 0.6172 | D(real) -0.113 | D(fake) -0.004
step 11300 | loss_D 0.7690 | loss_G 1.3138 | D(real) +0.981 | D(fake) -0.972
step 11310 | loss_D 0.6848 | loss_G 1.2515 | D(real) +1.920 | D(fake) -0.408
step 11320 | loss_D 0.7960 | loss_G 1.5322 | D(real) +1.617 | D(fake) -0.405
step 11330 | loss_D 0.8185 | loss_G 1.0993 | D(real) +1.292 | D(fake) -0.393
step 11340 | loss_D 1.4352 | loss_G 1.3422 | D(real) +0.151 | D(fake) -0.063
step 11350 | loss_D 0.7167 | loss_G 1.5463 | D(real) +0.943 | D(fake) -0.874
step 11360 | loss_D 1.0976 | loss_G 1.0609 | D(real) +0.260 | D(fake) -0.457
step 11370 | loss_D 1.0839 | loss_G 1.4973 | D(real) +1.482 | D(fake) +0.051
step 11380 | loss_D 1.0451 | loss_G 1.1416 | D(real) +0.295 | D(fake) -0.668
step 11390 | loss_D 0.6595 | loss_G 1.8153 | D(real) +1.543 | D(fake) -0.693
step 11400 | loss_D 0.8703 | loss_G 1.3810 | D(real) +0.565 | D(fake) -1.044
step 11410 | loss_D 1.1042 | loss_G 1.2739 | D(real) +0.007 | D(fake) -0.782
step 11420 | loss_D 1.1725 | loss_G 1.3635 | D(real) +0.837 | D(fake) +0.094
step 11430 | loss_D 0.8840 | loss_G 0.9261 | D(real) +0.523 | D(fake) -0.695
step 11440 | loss_D 0.9500 | loss_G 1.1383 | D(real) +0.819 | D(fake) -0.405
step 11450 | loss_D 1.3272 | loss_G 0.8950 | D(real) +0.191 | D(fake) -0.210
step 11460 | loss_D 1.2374 | loss_G 0.8961 | D(real) +0.872 | D(fake) -0.023
step 11470 | loss_D 0.8820 | loss_G 1.7637 | D(real) +0.849 | D(fake) -0.552
step 11480 | loss_D 1.0961 | loss_G 1.2472 | D(real) +0.646 | D(fake) -0.331
step 11490 | loss_D 0.9250 | loss_G 1.5636 | D(real) +0.606 | D(fake) -1.241
step 11500 | loss_D 0.9476 | loss_G 0.9033 | D(real) +1.475 | D(fake) +0.050
ðŸ’¾ Saved: /content/drive/MyDrive/gan-rl-runs/12000_iters/checkpoints_64_12000_iters/checkpoints_64_12000_iters/gan_step_011500.pt
step 11510 | loss_D 0.5822 | loss_G 1.5324 | D(real) +2.006 | D(fake) -0.647
step 11520 | loss_D 1.5743 | loss_G 0.8225 | D(real) +0.029 | D(fake) +0.114
step 11530 | loss_D 0.9461 | loss_G 1.0334 | D(real) +1.099 | D(fake) -0.165
step 11540 | loss_D 0.9821 | loss_G 1.1304 | D(real) +1.151 | D(fake) -0.080
step 11550 | loss_D 1.0866 | loss_G 0.9872 | D(real) +0.038 | D(fake) -0.916
step 11560 | loss_D 1.0052 | loss_G 1.3534 | D(real) -0.028 | D(fake) -1.281
step 11570 | loss_D 0.7092 | loss_G 0.8707 | D(real) +0.916 | D(fake) -1.049
step 11580 | loss_D 1.0734 | loss_G 1.0904 | D(real) +0.162 | D(fake) -0.743
step 11590 | loss_D 1.1935 | loss_G 0.6849 | D(real) -0.078 | D(fake) -0.883
step 11600 | loss_D 0.8303 | loss_G 1.0669 | D(real) +0.721 | D(fake) -0.753
step 11610 | loss_D 1.1787 | loss_G 1.0106 | D(real) +0.663 | D(fake) -0.656
step 11620 | loss_D 1.0252 | loss_G 1.0685 | D(real) +0.255 | D(fake) -0.659
step 11630 | loss_D 0.7002 | loss_G 0.7377 | D(real) +0.980 | D(fake) -1.361
step 11640 | loss_D 0.9099 | loss_G 1.2683 | D(real) +0.381 | D(fake) -0.767
step 11650 | loss_D 0.9013 | loss_G 1.7095 | D(real) +1.102 | D(fake) -0.547
step 11660 | loss_D 0.9979 | loss_G 1.1327 | D(real) +0.388 | D(fake) -0.740
step 11670 | loss_D 1.1802 | loss_G 1.4890 | D(real) -0.235 | D(fake) -0.905
step 11680 | loss_D 1.3935 | loss_G 1.0494 | D(real) -0.177 | D(fake) -0.538
step 11690 | loss_D 1.4220 | loss_G 1.1582 | D(real) -0.343 | D(fake) -0.374
step 11700 | loss_D 0.8825 | loss_G 0.6854 | D(real) +0.707 | D(fake) -0.559
step 11710 | loss_D 0.9951 | loss_G 0.8703 | D(real) +1.363 | D(fake) -0.003
step 11720 | loss_D 1.2532 | loss_G 0.9086 | D(real) -0.385 | D(fake) -0.917
step 11730 | loss_D 1.2762 | loss_G 0.8143 | D(real) +0.207 | D(fake) -0.557
step 11740 | loss_D 0.5888 | loss_G 1.6127 | D(real) +1.060 | D(fake) -1.336
step 11750 | loss_D 1.0290 | loss_G 0.6407 | D(real) +0.182 | D(fake) -0.829
step 11760 | loss_D 0.8854 | loss_G 1.1877 | D(real) +0.659 | D(fake) -0.644
step 11770 | loss_D 1.1157 | loss_G 1.2266 | D(real) +0.016 | D(fake) -1.039
step 11780 | loss_D 1.5316 | loss_G 1.2024 | D(real) -0.446 | D(fake) -0.558
step 11790 | loss_D 0.5619 | loss_G 1.3250 | D(real) +2.029 | D(fake) -0.728
step 11800 | loss_D 0.8415 | loss_G 1.0235 | D(real) +0.987 | D(fake) -0.639
step 11810 | loss_D 0.9912 | loss_G 1.2247 | D(real) +1.034 | D(fake) -0.230
step 11820 | loss_D 0.8900 | loss_G 0.7676 | D(real) +1.350 | D(fake) -0.202
step 11830 | loss_D 0.8704 | loss_G 1.3096 | D(real) +0.874 | D(fake) -0.646
step 11840 | loss_D 1.2559 | loss_G 0.8915 | D(real) +0.687 | D(fake) -0.045
step 11850 | loss_D 0.6734 | loss_G 1.2539 | D(real) +1.001 | D(fake) -0.981
step 11860 | loss_D 0.9883 | loss_G 0.7329 | D(real) +0.305 | D(fake) -0.742
step 11870 | loss_D 1.0847 | loss_G 0.9148 | D(real) +0.029 | D(fake) -0.823
step 11880 | loss_D 1.1495 | loss_G 0.8572 | D(real) -0.019 | D(fake) -0.764
step 11890 | loss_D 1.2206 | loss_G 1.0591 | D(real) -0.166 | D(fake) -0.665
step 11900 | loss_D 1.3876 | loss_G 1.1009 | D(real) +0.093 | D(fake) +0.072
step 11910 | loss_D 0.8159 | loss_G 1.0956 | D(real) +1.087 | D(fake) -0.552
step 11920 | loss_D 1.5831 | loss_G 1.2545 | D(real) +0.583 | D(fake) +0.414
step 11930 | loss_D 1.0350 | loss_G 0.9991 | D(real) +1.170 | D(fake) -0.252
step 11940 | loss_D 1.2145 | loss_G 1.2866 | D(real) -0.364 | D(fake) -1.269
step 11950 | loss_D 1.1114 | loss_G 1.1692 | D(real) +0.444 | D(fake) -0.182
step 11960 | loss_D 1.2996 | loss_G 0.8227 | D(real) +0.319 | D(fake) +0.105
step 11970 | loss_D 0.9366 | loss_G 1.2292 | D(real) +0.611 | D(fake) -0.491
step 11980 | loss_D 1.1893 | loss_G 1.4127 | D(real) +0.573 | D(fake) +0.050
step 11990 | loss_D 0.9937 | loss_G 1.3253 | D(real) +1.167 | D(fake) -0.130
